{"meta": {"format": 3, "version": "7.6.12", "timestamp": "2025-03-19T20:50:11.472864", "branch_coverage": false, "show_contexts": false}, "files": {"elastic-indexer-stack\\indexer\\src\\indexer\\__init__.py": {"executed_lines": [0], "summary": {"covered_lines": 0, "num_statements": 0, "percent_covered": 100.0, "percent_covered_display": "100", "missing_lines": 0, "excluded_lines": 0}, "missing_lines": [], "excluded_lines": [], "functions": {"": {"executed_lines": [], "summary": {"covered_lines": 0, "num_statements": 0, "percent_covered": 100.0, "percent_covered_display": "100", "missing_lines": 0, "excluded_lines": 0}, "missing_lines": [], "excluded_lines": []}}, "classes": {"": {"executed_lines": [], "summary": {"covered_lines": 0, "num_statements": 0, "percent_covered": 100.0, "percent_covered_display": "100", "missing_lines": 0, "excluded_lines": 0}, "missing_lines": [], "excluded_lines": []}}}, "elastic-indexer-stack\\indexer\\src\\indexer\\archive_handler.py": {"executed_lines": [1, 2, 3, 4, 5, 7, 8, 10, 11, 12, 13, 15, 16, 17, 18, 20, 21, 22, 23, 24, 34, 35, 36, 37, 38, 39, 40, 41, 42, 43, 44, 45, 46, 47, 48, 49, 50, 51, 52, 53, 54, 55, 56, 57, 58, 64, 65, 67, 68, 69, 70, 71, 72, 74, 76, 77, 79, 80, 82, 83, 85, 86, 89, 90, 91, 92, 93, 94, 96, 97, 98, 99, 100, 101, 102, 103, 104, 105, 106, 107, 108, 109, 111, 112, 113, 115, 116, 117, 120, 121, 122, 123, 124, 126, 127, 129, 131, 132, 134, 135, 137, 138, 139, 141, 142, 143, 144, 146, 147, 148, 149, 150, 151, 152, 153, 154, 156, 158, 159, 161, 162, 164, 165], "summary": {"covered_lines": 123, "num_statements": 128, "percent_covered": 96.09375, "percent_covered_display": "96", "missing_lines": 5, "excluded_lines": 0}, "missing_lines": [59, 60, 61, 62, 167], "excluded_lines": [], "functions": {"ArchiveHandler.__init__": {"executed_lines": [10, 11, 12, 13], "summary": {"covered_lines": 4, "num_statements": 4, "percent_covered": 100.0, "percent_covered_display": "100", "missing_lines": 0, "excluded_lines": 0}, "missing_lines": [], "excluded_lines": []}, "ArchiveHandler._strip_index_html_from_url": {"executed_lines": [16, 17, 18], "summary": {"covered_lines": 3, "num_statements": 3, "percent_covered": 100.0, "percent_covered_display": "100", "missing_lines": 0, "excluded_lines": 0}, "missing_lines": [], "excluded_lines": []}, "ArchiveHandler._convert_to_archive_url": {"executed_lines": [21, 22, 23, 24, 34, 35, 36, 37, 38, 39, 40, 41, 42, 43, 44, 45, 46, 47, 48, 49, 50, 51, 52, 53, 54, 55, 56, 57, 58], "summary": {"covered_lines": 29, "num_statements": 33, "percent_covered": 87.87878787878788, "percent_covered_display": "88", "missing_lines": 4, "excluded_lines": 0}, "missing_lines": [59, 60, 61, 62], "excluded_lines": []}, "ArchiveHandler._extract_domain_and_date": {"executed_lines": [65, 67, 68, 69, 70, 71, 72, 74], "summary": {"covered_lines": 8, "num_statements": 8, "percent_covered": 100.0, "percent_covered_display": "100", "missing_lines": 0, "excluded_lines": 0}, "missing_lines": [], "excluded_lines": []}, "ArchiveHandler._is_websites": {"executed_lines": [77], "summary": {"covered_lines": 1, "num_statements": 1, "percent_covered": 100.0, "percent_covered_display": "100", "missing_lines": 0, "excluded_lines": 0}, "missing_lines": [], "excluded_lines": []}, "ArchiveHandler._is_newsgroups": {"executed_lines": [80], "summary": {"covered_lines": 1, "num_statements": 1, "percent_covered": 100.0, "percent_covered_display": "100", "missing_lines": 0, "excluded_lines": 0}, "missing_lines": [], "excluded_lines": []}, "ArchiveHandler._is_mailing_lists": {"executed_lines": [83], "summary": {"covered_lines": 1, "num_statements": 1, "percent_covered": 100.0, "percent_covered_display": "100", "missing_lines": 0, "excluded_lines": 0}, "missing_lines": [], "excluded_lines": []}, "ArchiveHandler._extract_websites": {"executed_lines": [86, 89, 90, 91, 92, 93, 94], "summary": {"covered_lines": 7, "num_statements": 7, "percent_covered": 100.0, "percent_covered_display": "100", "missing_lines": 0, "excluded_lines": 0}, "missing_lines": [], "excluded_lines": []}, "ArchiveHandler._extract_newsgroups": {"executed_lines": [97, 98, 99, 100, 101, 102, 103, 104, 105, 106, 107, 108, 109], "summary": {"covered_lines": 13, "num_statements": 13, "percent_covered": 100.0, "percent_covered_display": "100", "missing_lines": 0, "excluded_lines": 0}, "missing_lines": [], "excluded_lines": []}, "ArchiveHandler._extract_mailing_lists": {"executed_lines": [112, 113, 115, 116, 117, 120, 121, 122, 123, 124, 126, 127, 129, 131, 132], "summary": {"covered_lines": 15, "num_statements": 15, "percent_covered": 100.0, "percent_covered_display": "100", "missing_lines": 0, "excluded_lines": 0}, "missing_lines": [], "excluded_lines": []}, "ArchiveHandler.get_mailing_list_date": {"executed_lines": [135], "summary": {"covered_lines": 1, "num_statements": 1, "percent_covered": 100.0, "percent_covered_display": "100", "missing_lines": 0, "excluded_lines": 0}, "missing_lines": [], "excluded_lines": []}, "ArchiveHandler._resolve_thumbnail_url": {"executed_lines": [138, 139, 141, 142, 143, 144, 146, 147, 148, 149, 150, 151, 152, 153, 154, 156, 158, 159, 161, 162, 164, 165], "summary": {"covered_lines": 22, "num_statements": 23, "percent_covered": 95.65217391304348, "percent_covered_display": "96", "missing_lines": 1, "excluded_lines": 0}, "missing_lines": [167], "excluded_lines": []}, "": {"executed_lines": [1, 2, 3, 4, 5, 7, 8, 15, 20, 64, 76, 79, 82, 85, 96, 111, 134, 137], "summary": {"covered_lines": 18, "num_statements": 18, "percent_covered": 100.0, "percent_covered_display": "100", "missing_lines": 0, "excluded_lines": 0}, "missing_lines": [], "excluded_lines": []}}, "classes": {"ArchiveHandler": {"executed_lines": [10, 11, 12, 13, 16, 17, 18, 21, 22, 23, 24, 34, 35, 36, 37, 38, 39, 40, 41, 42, 43, 44, 45, 46, 47, 48, 49, 50, 51, 52, 53, 54, 55, 56, 57, 58, 65, 67, 68, 69, 70, 71, 72, 74, 77, 80, 83, 86, 89, 90, 91, 92, 93, 94, 97, 98, 99, 100, 101, 102, 103, 104, 105, 106, 107, 108, 109, 112, 113, 115, 116, 117, 120, 121, 122, 123, 124, 126, 127, 129, 131, 132, 135, 138, 139, 141, 142, 143, 144, 146, 147, 148, 149, 150, 151, 152, 153, 154, 156, 158, 159, 161, 162, 164, 165], "summary": {"covered_lines": 105, "num_statements": 110, "percent_covered": 95.45454545454545, "percent_covered_display": "95", "missing_lines": 5, "excluded_lines": 0}, "missing_lines": [59, 60, 61, 62, 167], "excluded_lines": []}, "": {"executed_lines": [1, 2, 3, 4, 5, 7, 8, 15, 20, 64, 76, 79, 82, 85, 96, 111, 134, 137], "summary": {"covered_lines": 18, "num_statements": 18, "percent_covered": 100.0, "percent_covered_display": "100", "missing_lines": 0, "excluded_lines": 0}, "missing_lines": [], "excluded_lines": []}}}, "elastic-indexer-stack\\indexer\\src\\indexer\\es_manager.py": {"executed_lines": [3, 4, 5, 6, 9, 130, 131, 132, 134, 150, 151, 153, 154, 155, 158, 162, 163, 164, 165, 166, 167, 168, 169, 171, 172, 179, 189, 190, 191, 192, 193, 194, 195, 197, 198, 199, 200, 201, 202, 203, 204, 205, 206, 208, 209, 210, 212, 223, 224, 225, 227, 228, 229, 230, 231, 232, 233, 235, 236, 238, 239, 240, 241, 242, 243, 244, 245, 247, 248, 249, 250, 251, 252, 253, 254, 256, 257, 258, 259, 260, 261, 262, 263, 265, 269, 270, 271, 278, 279, 280, 281, 282, 283, 285, 286, 288, 289, 290, 292, 293, 294, 297, 298, 300], "summary": {"covered_lines": 104, "num_statements": 112, "percent_covered": 92.85714285714286, "percent_covered_display": "93", "missing_lines": 8, "excluded_lines": 0}, "missing_lines": [156, 157, 159, 160, 173, 174, 175, 177], "excluded_lines": [], "functions": {"ElasticsearchManager.__init__": {"executed_lines": [150, 151, 153, 154, 155, 158, 162, 163, 164, 165, 166, 167, 168, 169], "summary": {"covered_lines": 14, "num_statements": 18, "percent_covered": 77.77777777777777, "percent_covered_display": "78", "missing_lines": 4, "excluded_lines": 0}, "missing_lines": [156, 157, 159, 160], "excluded_lines": []}, "ElasticsearchManager._create_client": {"executed_lines": [172, 179, 189, 190, 191, 192, 193, 194, 195], "summary": {"covered_lines": 9, "num_statements": 13, "percent_covered": 69.23076923076923, "percent_covered_display": "69", "missing_lines": 4, "excluded_lines": 0}, "missing_lines": [173, 174, 175, 177], "excluded_lines": []}, "ElasticsearchManager.get_client": {"executed_lines": [198, 199, 200, 201, 202, 203, 204, 205, 206], "summary": {"covered_lines": 9, "num_statements": 9, "percent_covered": 100.0, "percent_covered_display": "100", "missing_lines": 0, "excluded_lines": 0}, "missing_lines": [], "excluded_lines": []}, "ElasticsearchManager._create_index_template": {"executed_lines": [209, 210, 212, 223, 224, 225], "summary": {"covered_lines": 6, "num_statements": 6, "percent_covered": 100.0, "percent_covered_display": "100", "missing_lines": 0, "excluded_lines": 0}, "missing_lines": [], "excluded_lines": []}, "ElasticsearchManager._initialize_es_index": {"executed_lines": [228, 229, 230, 231, 232, 233, 235, 236], "summary": {"covered_lines": 8, "num_statements": 8, "percent_covered": 100.0, "percent_covered_display": "100", "missing_lines": 0, "excluded_lines": 0}, "missing_lines": [], "excluded_lines": []}, "ElasticsearchManager.index_document": {"executed_lines": [239, 240, 241, 242, 243, 244, 245], "summary": {"covered_lines": 7, "num_statements": 7, "percent_covered": 100.0, "percent_covered_display": "100", "missing_lines": 0, "excluded_lines": 0}, "missing_lines": [], "excluded_lines": []}, "ElasticsearchManager.record_exists": {"executed_lines": [248, 249, 250, 251, 252, 253, 254], "summary": {"covered_lines": 7, "num_statements": 7, "percent_covered": 100.0, "percent_covered_display": "100", "missing_lines": 0, "excluded_lines": 0}, "missing_lines": [], "excluded_lines": []}, "ElasticsearchManager.get_document": {"executed_lines": [257, 258, 259, 260, 261, 262, 263], "summary": {"covered_lines": 7, "num_statements": 7, "percent_covered": 100.0, "percent_covered_display": "100", "missing_lines": 0, "excluded_lines": 0}, "missing_lines": [], "excluded_lines": []}, "ElasticsearchManager.chunks_exist": {"executed_lines": [269, 270, 271, 278, 279, 280, 281, 282, 283], "summary": {"covered_lines": 9, "num_statements": 9, "percent_covered": 100.0, "percent_covered_display": "100", "missing_lines": 0, "excluded_lines": 0}, "missing_lines": [], "excluded_lines": []}, "ElasticsearchManager.build_document": {"executed_lines": [288, 289, 290, 292, 293, 294, 297, 298, 300], "summary": {"covered_lines": 9, "num_statements": 9, "percent_covered": 100.0, "percent_covered_display": "100", "missing_lines": 0, "excluded_lines": 0}, "missing_lines": [], "excluded_lines": []}, "": {"executed_lines": [3, 4, 5, 6, 9, 130, 131, 132, 134, 171, 197, 208, 227, 238, 247, 256, 265, 285, 286], "summary": {"covered_lines": 19, "num_statements": 19, "percent_covered": 100.0, "percent_covered_display": "100", "missing_lines": 0, "excluded_lines": 0}, "missing_lines": [], "excluded_lines": []}}, "classes": {"ElasticsearchManager": {"executed_lines": [150, 151, 153, 154, 155, 158, 162, 163, 164, 165, 166, 167, 168, 169, 172, 179, 189, 190, 191, 192, 193, 194, 195, 198, 199, 200, 201, 202, 203, 204, 205, 206, 209, 210, 212, 223, 224, 225, 228, 229, 230, 231, 232, 233, 235, 236, 239, 240, 241, 242, 243, 244, 245, 248, 249, 250, 251, 252, 253, 254, 257, 258, 259, 260, 261, 262, 263, 269, 270, 271, 278, 279, 280, 281, 282, 283, 288, 289, 290, 292, 293, 294, 297, 298, 300], "summary": {"covered_lines": 85, "num_statements": 93, "percent_covered": 91.39784946236558, "percent_covered_display": "91", "missing_lines": 8, "excluded_lines": 0}, "missing_lines": [156, 157, 159, 160, 173, 174, 175, 177], "excluded_lines": []}, "": {"executed_lines": [3, 4, 5, 6, 9, 130, 131, 132, 134, 171, 197, 208, 227, 238, 247, 256, 265, 285, 286], "summary": {"covered_lines": 19, "num_statements": 19, "percent_covered": 100.0, "percent_covered_display": "100", "missing_lines": 0, "excluded_lines": 0}, "missing_lines": [], "excluded_lines": []}}}, "elastic-indexer-stack\\indexer\\src\\indexer\\file_finder.py": {"executed_lines": [1, 2, 3, 4, 5, 6, 7, 8, 9, 10, 12, 13, 22, 23, 24, 27, 28, 29, 30, 31, 32, 33, 34, 35, 36, 37, 38, 39, 40, 41, 42, 43, 44, 45, 46, 47, 48, 49, 52, 54, 55, 56, 57, 59, 69, 75, 77, 80, 82, 83, 84, 85, 90, 91, 93, 94, 95, 96, 97, 98, 99, 100, 101, 102, 103, 105, 110, 111, 114, 115, 116, 117, 119, 121, 123, 125, 126, 127, 128, 129, 130, 131, 132, 133, 135, 136, 138, 139, 141, 143, 144, 145, 146, 147, 150, 151, 152, 155, 157, 159, 160, 161, 168, 173, 176, 178, 179, 181, 182, 185, 186, 188, 189, 190, 192, 193, 196, 198, 200, 201, 202, 205, 206, 208, 211, 218, 219, 220, 221, 222, 223, 224], "summary": {"covered_lines": 132, "num_statements": 140, "percent_covered": 94.28571428571429, "percent_covered_display": "94", "missing_lines": 8, "excluded_lines": 0}, "missing_lines": [50, 89, 148, 162, 163, 164, 166, 183], "excluded_lines": [], "functions": {"FileFinder.__init__": {"executed_lines": [22, 23, 24, 27, 28, 29, 30, 31, 32, 33, 34, 35, 36, 37, 38, 39, 40, 41, 42, 43, 44, 45, 46, 47, 48, 49, 52], "summary": {"covered_lines": 27, "num_statements": 28, "percent_covered": 96.42857142857143, "percent_covered_display": "96", "missing_lines": 1, "excluded_lines": 0}, "missing_lines": [50], "excluded_lines": []}, "FileFinder._sparse_checkout_repo": {"executed_lines": [55, 56, 57, 59, 69, 75, 77, 80, 82, 83, 84, 85, 90, 91], "summary": {"covered_lines": 14, "num_statements": 15, "percent_covered": 93.33333333333333, "percent_covered_display": "93", "missing_lines": 1, "excluded_lines": 0}, "missing_lines": [89], "excluded_lines": []}, "FileFinder._should_skip_file": {"executed_lines": [94, 95, 96, 97, 98, 99, 100, 101, 102, 103], "summary": {"covered_lines": 10, "num_statements": 10, "percent_covered": 100.0, "percent_covered_display": "100", "missing_lines": 0, "excluded_lines": 0}, "missing_lines": [], "excluded_lines": []}, "FileFinder._check_and_queue_file": {"executed_lines": [110, 111, 114, 115, 116, 117, 119, 121, 123, 125, 126, 127, 128, 129, 130, 131, 132, 133, 135, 136, 138, 139, 141, 143, 144, 145, 146, 147, 150, 151, 152, 155], "summary": {"covered_lines": 32, "num_statements": 33, "percent_covered": 96.96969696969697, "percent_covered_display": "97", "missing_lines": 1, "excluded_lines": 0}, "missing_lines": [148], "excluded_lines": []}, "FileFinder._process_file": {"executed_lines": [159, 160, 161], "summary": {"covered_lines": 3, "num_statements": 7, "percent_covered": 42.857142857142854, "percent_covered_display": "43", "missing_lines": 4, "excluded_lines": 0}, "missing_lines": [162, 163, 164, 166], "excluded_lines": []}, "FileFinder.walk_and_queue": {"executed_lines": [173, 176, 178, 179, 181, 182, 185, 186, 188, 189, 190, 192, 193, 196, 198, 200, 201, 202, 205, 206], "summary": {"covered_lines": 20, "num_statements": 21, "percent_covered": 95.23809523809524, "percent_covered_display": "95", "missing_lines": 1, "excluded_lines": 0}, "missing_lines": [183], "excluded_lines": []}, "FileFinder._process_completed_futures": {"executed_lines": [211, 218, 219, 220, 221, 222, 223, 224], "summary": {"covered_lines": 8, "num_statements": 8, "percent_covered": 100.0, "percent_covered_display": "100", "missing_lines": 0, "excluded_lines": 0}, "missing_lines": [], "excluded_lines": []}, "": {"executed_lines": [1, 2, 3, 4, 5, 6, 7, 8, 9, 10, 12, 13, 54, 93, 105, 157, 168, 208], "summary": {"covered_lines": 18, "num_statements": 18, "percent_covered": 100.0, "percent_covered_display": "100", "missing_lines": 0, "excluded_lines": 0}, "missing_lines": [], "excluded_lines": []}}, "classes": {"FileFinder": {"executed_lines": [22, 23, 24, 27, 28, 29, 30, 31, 32, 33, 34, 35, 36, 37, 38, 39, 40, 41, 42, 43, 44, 45, 46, 47, 48, 49, 52, 55, 56, 57, 59, 69, 75, 77, 80, 82, 83, 84, 85, 90, 91, 94, 95, 96, 97, 98, 99, 100, 101, 102, 103, 110, 111, 114, 115, 116, 117, 119, 121, 123, 125, 126, 127, 128, 129, 130, 131, 132, 133, 135, 136, 138, 139, 141, 143, 144, 145, 146, 147, 150, 151, 152, 155, 159, 160, 161, 173, 176, 178, 179, 181, 182, 185, 186, 188, 189, 190, 192, 193, 196, 198, 200, 201, 202, 205, 206, 211, 218, 219, 220, 221, 222, 223, 224], "summary": {"covered_lines": 114, "num_statements": 122, "percent_covered": 93.44262295081967, "percent_covered_display": "93", "missing_lines": 8, "excluded_lines": 0}, "missing_lines": [50, 89, 148, 162, 163, 164, 166, 183], "excluded_lines": []}, "": {"executed_lines": [1, 2, 3, 4, 5, 6, 7, 8, 9, 10, 12, 13, 54, 93, 105, 157, 168, 208], "summary": {"covered_lines": 18, "num_statements": 18, "percent_covered": 100.0, "percent_covered_display": "100", "missing_lines": 0, "excluded_lines": 0}, "missing_lines": [], "excluded_lines": []}}}, "elastic-indexer-stack\\indexer\\src\\indexer\\image_handler.py": {"executed_lines": [1, 2, 3, 5, 6, 7, 9, 10, 12, 13, 14, 15, 16, 17, 19, 20, 21, 22, 23, 24, 25, 26, 27, 29, 30, 31, 33, 37, 38, 40, 41, 42, 44, 45, 46, 47, 48, 49, 52, 53, 69, 70, 71, 72], "summary": {"covered_lines": 44, "num_statements": 44, "percent_covered": 100.0, "percent_covered_display": "100", "missing_lines": 0, "excluded_lines": 0}, "missing_lines": [], "excluded_lines": [], "functions": {"ImageHandler.__init__": {"executed_lines": [12, 13, 14, 15, 16, 17], "summary": {"covered_lines": 6, "num_statements": 6, "percent_covered": 100.0, "percent_covered_display": "100", "missing_lines": 0, "excluded_lines": 0}, "missing_lines": [], "excluded_lines": []}, "ImageHandler.process_image_file": {"executed_lines": [20, 21, 22, 23, 24, 25, 26, 27, 29, 30, 31, 33, 37, 38, 40, 41, 42, 44, 45, 46, 47, 48, 49, 52, 53, 69, 70, 71, 72], "summary": {"covered_lines": 29, "num_statements": 29, "percent_covered": 100.0, "percent_covered_display": "100", "missing_lines": 0, "excluded_lines": 0}, "missing_lines": [], "excluded_lines": []}, "": {"executed_lines": [1, 2, 3, 5, 6, 7, 9, 10, 19], "summary": {"covered_lines": 9, "num_statements": 9, "percent_covered": 100.0, "percent_covered_display": "100", "missing_lines": 0, "excluded_lines": 0}, "missing_lines": [], "excluded_lines": []}}, "classes": {"ImageHandler": {"executed_lines": [12, 13, 14, 15, 16, 17, 20, 21, 22, 23, 24, 25, 26, 27, 29, 30, 31, 33, 37, 38, 40, 41, 42, 44, 45, 46, 47, 48, 49, 52, 53, 69, 70, 71, 72], "summary": {"covered_lines": 35, "num_statements": 35, "percent_covered": 100.0, "percent_covered_display": "100", "missing_lines": 0, "excluded_lines": 0}, "missing_lines": [], "excluded_lines": []}, "": {"executed_lines": [1, 2, 3, 5, 6, 7, 9, 10, 19], "summary": {"covered_lines": 9, "num_statements": 9, "percent_covered": 100.0, "percent_covered_display": "100", "missing_lines": 0, "excluded_lines": 0}, "missing_lines": [], "excluded_lines": []}}}, "elastic-indexer-stack\\indexer\\src\\indexer\\indexer.py": {"executed_lines": [2, 3, 4, 5, 7, 8, 9, 10, 11, 12, 14, 15, 17, 18, 19, 20, 21, 24, 25, 26, 29, 32, 33, 34, 35, 36, 37, 38, 39, 40, 42, 43, 44, 45, 46, 47, 49, 50, 51, 52, 53, 55, 57, 58, 59, 60, 61, 62, 64, 65, 66, 68, 69, 70, 71, 73, 74, 75, 76, 78, 80, 81, 83, 85, 87, 89, 91, 92, 93, 95, 96, 97, 98, 99, 100, 105], "summary": {"covered_lines": 76, "num_statements": 78, "percent_covered": 97.43589743589743, "percent_covered_display": "97", "missing_lines": 2, "excluded_lines": 0}, "missing_lines": [102, 103], "excluded_lines": [], "functions": {"Indexer.__init__": {"executed_lines": [17, 18, 19, 20, 21, 24, 25, 26, 29, 32, 33, 34, 35, 36, 37, 38, 39, 40], "summary": {"covered_lines": 18, "num_statements": 18, "percent_covered": 100.0, "percent_covered_display": "100", "missing_lines": 0, "excluded_lines": 0}, "missing_lines": [], "excluded_lines": []}, "Indexer.process_file": {"executed_lines": [43, 44, 45, 46, 47, 49, 50, 51, 52, 53, 55, 57, 58, 59, 60, 61, 62], "summary": {"covered_lines": 17, "num_statements": 17, "percent_covered": 100.0, "percent_covered_display": "100", "missing_lines": 0, "excluded_lines": 0}, "missing_lines": [], "excluded_lines": []}, "Indexer._get_docs": {"executed_lines": [65, 66, 68, 69, 70, 71, 73, 74, 75, 76, 78, 80, 81, 83, 85, 87, 89], "summary": {"covered_lines": 17, "num_statements": 17, "percent_covered": 100.0, "percent_covered_display": "100", "missing_lines": 0, "excluded_lines": 0}, "missing_lines": [], "excluded_lines": []}, "Indexer._get_file_metadata": {"executed_lines": [92, 93, 95, 96, 97, 98, 99, 100, 105], "summary": {"covered_lines": 9, "num_statements": 11, "percent_covered": 81.81818181818181, "percent_covered_display": "82", "missing_lines": 2, "excluded_lines": 0}, "missing_lines": [102, 103], "excluded_lines": []}, "": {"executed_lines": [2, 3, 4, 5, 7, 8, 9, 10, 11, 12, 14, 15, 42, 64, 91], "summary": {"covered_lines": 15, "num_statements": 15, "percent_covered": 100.0, "percent_covered_display": "100", "missing_lines": 0, "excluded_lines": 0}, "missing_lines": [], "excluded_lines": []}}, "classes": {"Indexer": {"executed_lines": [17, 18, 19, 20, 21, 24, 25, 26, 29, 32, 33, 34, 35, 36, 37, 38, 39, 40, 43, 44, 45, 46, 47, 49, 50, 51, 52, 53, 55, 57, 58, 59, 60, 61, 62, 65, 66, 68, 69, 70, 71, 73, 74, 75, 76, 78, 80, 81, 83, 85, 87, 89, 92, 93, 95, 96, 97, 98, 99, 100, 105], "summary": {"covered_lines": 61, "num_statements": 63, "percent_covered": 96.82539682539682, "percent_covered_display": "97", "missing_lines": 2, "excluded_lines": 0}, "missing_lines": [102, 103], "excluded_lines": []}, "": {"executed_lines": [2, 3, 4, 5, 7, 8, 9, 10, 11, 12, 14, 15, 42, 64, 91], "summary": {"covered_lines": 15, "num_statements": 15, "percent_covered": 100.0, "percent_covered_display": "100", "missing_lines": 0, "excluded_lines": 0}, "missing_lines": [], "excluded_lines": []}}}, "elastic-indexer-stack\\indexer\\src\\indexer\\openai_manager.py": {"executed_lines": [1, 2, 3, 4, 5, 6, 7, 8, 9, 10, 11, 12, 14, 15, 17, 23, 24, 25, 26, 27, 28, 29, 30, 31, 32, 33, 34, 37, 38, 50, 51, 52, 53, 55, 56, 57, 58, 59, 60, 61, 62, 63, 65, 66, 67, 71, 73, 74, 75, 76, 77, 78, 81, 82, 83, 86, 87, 89, 91, 92, 93, 94, 95, 97, 99, 100, 101, 102, 103, 104, 106, 109, 110, 129, 130, 152, 155, 157, 159, 160, 162, 164, 166, 167, 170, 171, 172, 174, 180, 182, 183, 185, 186, 187, 189, 201, 203, 204, 205, 206, 207, 209, 211, 212, 215, 219, 223, 226, 228, 231, 233, 237, 238, 239, 240, 241, 243, 245, 248, 250, 253, 255, 256, 257, 258, 259, 260, 261, 264, 265, 266, 267, 268, 270, 272, 273, 274, 275, 276, 279, 280, 281, 288], "summary": {"covered_lines": 143, "num_statements": 150, "percent_covered": 95.33333333333333, "percent_covered_display": "95", "missing_lines": 7, "excluded_lines": 0}, "missing_lines": [68, 69, 79, 84, 150, 262, 263], "excluded_lines": [], "functions": {"OpenAIManager.__init__": {"executed_lines": [23, 24, 25, 26, 27, 28, 29, 30, 31, 32, 33, 34, 37, 38, 50, 51, 52, 53], "summary": {"covered_lines": 18, "num_statements": 18, "percent_covered": 100.0, "percent_covered_display": "100", "missing_lines": 0, "excluded_lines": 0}, "missing_lines": [], "excluded_lines": []}, "OpenAIManager._build_prompts_cache": {"executed_lines": [56, 57, 58, 59, 60, 61, 62, 63, 65, 66, 67], "summary": {"covered_lines": 11, "num_statements": 13, "percent_covered": 84.61538461538461, "percent_covered_display": "85", "missing_lines": 2, "excluded_lines": 0}, "missing_lines": [68, 69], "excluded_lines": []}, "OpenAIManager._resolve_prompt_for_task": {"executed_lines": [73, 74, 75, 76, 77, 78, 81, 82, 83], "summary": {"covered_lines": 9, "num_statements": 11, "percent_covered": 81.81818181818181, "percent_covered_display": "82", "missing_lines": 2, "excluded_lines": 0}, "missing_lines": [79, 84], "excluded_lines": []}, "OpenAIManager.get_openai_embedding_client": {"executed_lines": [87], "summary": {"covered_lines": 1, "num_statements": 1, "percent_covered": 100.0, "percent_covered_display": "100", "missing_lines": 0, "excluded_lines": 0}, "missing_lines": [], "excluded_lines": []}, "OpenAIManager._parse_json_response": {"executed_lines": [91, 92, 93, 94, 95], "summary": {"covered_lines": 5, "num_statements": 5, "percent_covered": 100.0, "percent_covered_display": "100", "missing_lines": 0, "excluded_lines": 0}, "missing_lines": [], "excluded_lines": []}, "OpenAIManager._resolve_schema_for_task": {"executed_lines": [99, 100, 101, 102, 103, 104], "summary": {"covered_lines": 6, "num_statements": 6, "percent_covered": 100.0, "percent_covered_display": "100", "missing_lines": 0, "excluded_lines": 0}, "missing_lines": [], "excluded_lines": []}, "OpenAIManager._resolve_payload_for_task": {"executed_lines": [109, 110, 129, 130], "summary": {"covered_lines": 4, "num_statements": 5, "percent_covered": 80.0, "percent_covered_display": "80", "missing_lines": 1, "excluded_lines": 0}, "missing_lines": [150], "excluded_lines": []}, "OpenAIManager._prompt_llm_for_task": {"executed_lines": [155, 157, 159, 160, 162, 164, 166, 167, 170, 171, 172, 174, 180, 182, 183, 185, 186, 187, 189, 201], "summary": {"covered_lines": 20, "num_statements": 20, "percent_covered": 100.0, "percent_covered_display": "100", "missing_lines": 0, "excluded_lines": 0}, "missing_lines": [], "excluded_lines": []}, "OpenAIManager._merge_dicts": {"executed_lines": [204, 205, 206, 207], "summary": {"covered_lines": 4, "num_statements": 4, "percent_covered": 100.0, "percent_covered_display": "100", "missing_lines": 0, "excluded_lines": 0}, "missing_lines": [], "excluded_lines": []}, "OpenAIManager._call_openai_api": {"executed_lines": [211, 212, 215, 219, 223, 226, 228, 231, 233, 237, 238, 239, 240, 241], "summary": {"covered_lines": 14, "num_statements": 14, "percent_covered": 100.0, "percent_covered_display": "100", "missing_lines": 0, "excluded_lines": 0}, "missing_lines": [], "excluded_lines": []}, "OpenAIManager.call_openai_api_text": {"executed_lines": [245], "summary": {"covered_lines": 1, "num_statements": 1, "percent_covered": 100.0, "percent_covered_display": "100", "missing_lines": 0, "excluded_lines": 0}, "missing_lines": [], "excluded_lines": []}, "OpenAIManager.call_openai_api_image": {"executed_lines": [250], "summary": {"covered_lines": 1, "num_statements": 1, "percent_covered": 100.0, "percent_covered_display": "100", "missing_lines": 0, "excluded_lines": 0}, "missing_lines": [], "excluded_lines": []}, "OpenAIManager.embed_text": {"executed_lines": [255, 256, 257, 258, 259, 260, 261, 264, 265, 266, 267, 268], "summary": {"covered_lines": 12, "num_statements": 14, "percent_covered": 85.71428571428571, "percent_covered_display": "86", "missing_lines": 2, "excluded_lines": 0}, "missing_lines": [262, 263], "excluded_lines": []}, "OpenAIManager.get_chunks_and_embeddings": {"executed_lines": [272, 273, 274, 275, 276, 279, 280, 281, 288], "summary": {"covered_lines": 9, "num_statements": 9, "percent_covered": 100.0, "percent_covered_display": "100", "missing_lines": 0, "excluded_lines": 0}, "missing_lines": [], "excluded_lines": []}, "": {"executed_lines": [1, 2, 3, 4, 5, 6, 7, 8, 9, 10, 11, 12, 14, 15, 17, 55, 71, 86, 89, 97, 106, 152, 203, 209, 243, 248, 253, 270], "summary": {"covered_lines": 28, "num_statements": 28, "percent_covered": 100.0, "percent_covered_display": "100", "missing_lines": 0, "excluded_lines": 0}, "missing_lines": [], "excluded_lines": []}}, "classes": {"OpenAIManager": {"executed_lines": [23, 24, 25, 26, 27, 28, 29, 30, 31, 32, 33, 34, 37, 38, 50, 51, 52, 53, 56, 57, 58, 59, 60, 61, 62, 63, 65, 66, 67, 73, 74, 75, 76, 77, 78, 81, 82, 83, 87, 91, 92, 93, 94, 95, 99, 100, 101, 102, 103, 104, 109, 110, 129, 130, 155, 157, 159, 160, 162, 164, 166, 167, 170, 171, 172, 174, 180, 182, 183, 185, 186, 187, 189, 201, 204, 205, 206, 207, 211, 212, 215, 219, 223, 226, 228, 231, 233, 237, 238, 239, 240, 241, 245, 250, 255, 256, 257, 258, 259, 260, 261, 264, 265, 266, 267, 268, 272, 273, 274, 275, 276, 279, 280, 281, 288], "summary": {"covered_lines": 115, "num_statements": 122, "percent_covered": 94.26229508196721, "percent_covered_display": "94", "missing_lines": 7, "excluded_lines": 0}, "missing_lines": [68, 69, 79, 84, 150, 262, 263], "excluded_lines": []}, "": {"executed_lines": [1, 2, 3, 4, 5, 6, 7, 8, 9, 10, 11, 12, 14, 15, 17, 55, 71, 86, 89, 97, 106, 152, 203, 209, 243, 248, 253, 270], "summary": {"covered_lines": 28, "num_statements": 28, "percent_covered": 100.0, "percent_covered_display": "100", "missing_lines": 0, "excluded_lines": 0}, "missing_lines": [], "excluded_lines": []}}}, "elastic-indexer-stack\\indexer\\src\\indexer\\other_handler.py": {"executed_lines": [1, 2, 3, 5, 6, 7, 9, 10, 12, 13, 14, 15, 16, 17, 19, 20, 21, 22, 23, 25, 26, 27, 28, 30, 34, 35, 36, 38, 41, 42, 44, 45, 46, 48, 49, 50, 51, 52, 53, 54, 57, 76, 77, 78, 79, 81, 82, 83, 84, 85, 86, 87, 88, 89, 91, 92, 93, 94, 95, 96, 97, 98], "summary": {"covered_lines": 62, "num_statements": 63, "percent_covered": 98.41269841269842, "percent_covered_display": "98", "missing_lines": 1, "excluded_lines": 0}, "missing_lines": [24], "excluded_lines": [], "functions": {"OtherHandler.__init__": {"executed_lines": [12, 13, 14, 15, 16, 17], "summary": {"covered_lines": 6, "num_statements": 6, "percent_covered": 100.0, "percent_covered_display": "100", "missing_lines": 0, "excluded_lines": 0}, "missing_lines": [], "excluded_lines": []}, "OtherHandler.process_other_file": {"executed_lines": [20, 21, 22, 23, 25, 26, 27, 28, 30, 34, 35, 36, 38, 41, 42, 44, 45, 46, 48, 49, 50, 51, 52, 53, 54, 57, 76, 77, 78, 79], "summary": {"covered_lines": 30, "num_statements": 31, "percent_covered": 96.7741935483871, "percent_covered_display": "97", "missing_lines": 1, "excluded_lines": 0}, "missing_lines": [24], "excluded_lines": []}, "OtherHandler._preprocess_other_file": {"executed_lines": [82, 83, 84, 85, 86, 87, 88, 89], "summary": {"covered_lines": 8, "num_statements": 8, "percent_covered": 100.0, "percent_covered_display": "100", "missing_lines": 0, "excluded_lines": 0}, "missing_lines": [], "excluded_lines": []}, "OtherHandler._extract_text_from_other_file": {"executed_lines": [92, 93, 94, 95, 96, 97, 98], "summary": {"covered_lines": 7, "num_statements": 7, "percent_covered": 100.0, "percent_covered_display": "100", "missing_lines": 0, "excluded_lines": 0}, "missing_lines": [], "excluded_lines": []}, "": {"executed_lines": [1, 2, 3, 5, 6, 7, 9, 10, 19, 81, 91], "summary": {"covered_lines": 11, "num_statements": 11, "percent_covered": 100.0, "percent_covered_display": "100", "missing_lines": 0, "excluded_lines": 0}, "missing_lines": [], "excluded_lines": []}}, "classes": {"OtherHandler": {"executed_lines": [12, 13, 14, 15, 16, 17, 20, 21, 22, 23, 25, 26, 27, 28, 30, 34, 35, 36, 38, 41, 42, 44, 45, 46, 48, 49, 50, 51, 52, 53, 54, 57, 76, 77, 78, 79, 82, 83, 84, 85, 86, 87, 88, 89, 92, 93, 94, 95, 96, 97, 98], "summary": {"covered_lines": 51, "num_statements": 52, "percent_covered": 98.07692307692308, "percent_covered_display": "98", "missing_lines": 1, "excluded_lines": 0}, "missing_lines": [24], "excluded_lines": []}, "": {"executed_lines": [1, 2, 3, 5, 6, 7, 9, 10, 19, 81, 91], "summary": {"covered_lines": 11, "num_statements": 11, "percent_covered": 100.0, "percent_covered_display": "100", "missing_lines": 0, "excluded_lines": 0}, "missing_lines": [], "excluded_lines": []}}}, "elastic-indexer-stack\\indexer\\src\\indexer\\rabbitmq_manager.py": {"executed_lines": [1, 2, 3, 4, 5, 6, 7, 9, 10, 11, 12, 13, 14, 15, 16, 17, 19, 20, 21, 22, 23, 24, 26, 27, 31, 33, 34, 41, 42, 43, 44, 45, 46, 48, 49, 50, 52, 53, 54, 55, 57, 58, 59, 60, 61, 62, 64, 65, 66, 72], "summary": {"covered_lines": 50, "num_statements": 50, "percent_covered": 100.0, "percent_covered_display": "100", "missing_lines": 0, "excluded_lines": 0}, "missing_lines": [], "excluded_lines": [], "functions": {"RabbitMQManager.__init__": {"executed_lines": [21, 22, 23, 24], "summary": {"covered_lines": 4, "num_statements": 4, "percent_covered": 100.0, "percent_covered_display": "100", "missing_lines": 0, "excluded_lines": 0}, "missing_lines": [], "excluded_lines": []}, "RabbitMQManager._connect": {"executed_lines": [27, 31, 33, 34, 41, 42, 43, 44, 45, 46], "summary": {"covered_lines": 10, "num_statements": 10, "percent_covered": 100.0, "percent_covered_display": "100", "missing_lines": 0, "excluded_lines": 0}, "missing_lines": [], "excluded_lines": []}, "RabbitMQManager._get_connection": {"executed_lines": [49, 50], "summary": {"covered_lines": 2, "num_statements": 2, "percent_covered": 100.0, "percent_covered_display": "100", "missing_lines": 0, "excluded_lines": 0}, "missing_lines": [], "excluded_lines": []}, "RabbitMQManager._process_consumption_callback": {"executed_lines": [53, 54, 55], "summary": {"covered_lines": 3, "num_statements": 3, "percent_covered": 100.0, "percent_covered_display": "100", "missing_lines": 0, "excluded_lines": 0}, "missing_lines": [], "excluded_lines": []}, "RabbitMQManager.start_consuming": {"executed_lines": [58, 59, 60, 61, 62], "summary": {"covered_lines": 5, "num_statements": 5, "percent_covered": 100.0, "percent_covered_display": "100", "missing_lines": 0, "excluded_lines": 0}, "missing_lines": [], "excluded_lines": []}, "RabbitMQManager.publish_message": {"executed_lines": [65, 66, 72], "summary": {"covered_lines": 3, "num_statements": 3, "percent_covered": 100.0, "percent_covered_display": "100", "missing_lines": 0, "excluded_lines": 0}, "missing_lines": [], "excluded_lines": []}, "": {"executed_lines": [1, 2, 3, 4, 5, 6, 7, 9, 10, 11, 12, 13, 14, 15, 16, 17, 19, 20, 26, 48, 52, 57, 64], "summary": {"covered_lines": 23, "num_statements": 23, "percent_covered": 100.0, "percent_covered_display": "100", "missing_lines": 0, "excluded_lines": 0}, "missing_lines": [], "excluded_lines": []}}, "classes": {"RabbitMQConfig": {"executed_lines": [], "summary": {"covered_lines": 0, "num_statements": 0, "percent_covered": 100.0, "percent_covered_display": "100", "missing_lines": 0, "excluded_lines": 0}, "missing_lines": [], "excluded_lines": []}, "RabbitMQManager": {"executed_lines": [21, 22, 23, 24, 27, 31, 33, 34, 41, 42, 43, 44, 45, 46, 49, 50, 53, 54, 55, 58, 59, 60, 61, 62, 65, 66, 72], "summary": {"covered_lines": 27, "num_statements": 27, "percent_covered": 100.0, "percent_covered_display": "100", "missing_lines": 0, "excluded_lines": 0}, "missing_lines": [], "excluded_lines": []}, "": {"executed_lines": [1, 2, 3, 4, 5, 6, 7, 9, 10, 11, 12, 13, 14, 15, 16, 17, 19, 20, 26, 48, 52, 57, 64], "summary": {"covered_lines": 23, "num_statements": 23, "percent_covered": 100.0, "percent_covered_display": "100", "missing_lines": 0, "excluded_lines": 0}, "missing_lines": [], "excluded_lines": []}}}, "elastic-indexer-stack\\indexer\\src\\indexer\\test\\__init__.py": {"executed_lines": [0], "summary": {"covered_lines": 0, "num_statements": 0, "percent_covered": 100.0, "percent_covered_display": "100", "missing_lines": 0, "excluded_lines": 0}, "missing_lines": [], "excluded_lines": [], "functions": {"": {"executed_lines": [], "summary": {"covered_lines": 0, "num_statements": 0, "percent_covered": 100.0, "percent_covered_display": "100", "missing_lines": 0, "excluded_lines": 0}, "missing_lines": [], "excluded_lines": []}}, "classes": {"": {"executed_lines": [], "summary": {"covered_lines": 0, "num_statements": 0, "percent_covered": 100.0, "percent_covered_display": "100", "missing_lines": 0, "excluded_lines": 0}, "missing_lines": [], "excluded_lines": []}}}, "elastic-indexer-stack\\indexer\\src\\indexer\\test\\test_archive_handler.py": {"executed_lines": [1, 2, 3, 4, 5, 7, 8, 9, 11, 12, 13, 14, 16, 18, 20, 22, 23, 24, 26, 28, 29, 30, 32, 33, 34, 35, 37, 38, 39, 40, 42, 44, 45, 46, 47, 49, 51, 52, 53, 54, 56, 57, 58, 60, 62, 63, 65, 67, 68, 70, 71, 73, 74, 75, 77, 79, 80, 81, 82, 84, 86, 87, 88, 89, 92, 93, 94, 95, 98, 100, 101, 104, 105, 107, 108, 110, 111, 112, 113, 115, 117, 119, 120, 123, 124, 126, 127, 129, 130, 131, 132, 134, 136, 138, 139, 141, 142, 143, 146, 148, 151, 154, 157, 159, 162, 165, 168, 170, 171, 174, 175, 178, 179, 182, 184, 185, 186, 188, 190, 191, 193, 194, 195, 197, 199, 200, 202, 204, 205, 206, 209, 211, 214, 216, 217, 219, 221, 222, 223, 225, 226, 228, 230, 231, 233, 235, 236, 238, 240, 241, 243, 245, 250, 251, 253, 254, 255, 257, 259, 265, 266, 268, 269, 270, 272, 275, 281, 282, 284, 285, 286, 288, 290, 296, 297, 299, 300, 301, 303, 305, 311, 312, 314, 315, 316, 318, 320, 326, 327, 329, 330, 331, 333, 335, 336, 338, 340, 341, 343, 344, 346, 348, 349, 350, 352, 353], "summary": {"covered_lines": 206, "num_statements": 207, "percent_covered": 99.51690821256038, "percent_covered_display": "99", "missing_lines": 1, "excluded_lines": 0}, "missing_lines": [212], "excluded_lines": [], "functions": {"archive_handler": {"executed_lines": [9], "summary": {"covered_lines": 1, "num_statements": 1, "percent_covered": 100.0, "percent_covered_display": "100", "missing_lines": 0, "excluded_lines": 0}, "missing_lines": [], "excluded_lines": []}, "test_strip_index_html_from_url": {"executed_lines": [12, 13, 14, 16, 18], "summary": {"covered_lines": 5, "num_statements": 5, "percent_covered": 100.0, "percent_covered_display": "100", "missing_lines": 0, "excluded_lines": 0}, "missing_lines": [], "excluded_lines": []}, "test_convert_to_archive_url_websites": {"executed_lines": [22, 23, 24], "summary": {"covered_lines": 3, "num_statements": 3, "percent_covered": 100.0, "percent_covered_display": "100", "missing_lines": 0, "excluded_lines": 0}, "missing_lines": [], "excluded_lines": []}, "test_convert_to_archive_url_websites_custom": {"executed_lines": [28, 29, 30], "summary": {"covered_lines": 3, "num_statements": 3, "percent_covered": 100.0, "percent_covered_display": "100", "missing_lines": 0, "excluded_lines": 0}, "missing_lines": [], "excluded_lines": []}, "test_convert_to_archive_url_mailing_lists": {"executed_lines": [33, 34, 35], "summary": {"covered_lines": 3, "num_statements": 3, "percent_covered": 100.0, "percent_covered_display": "100", "missing_lines": 0, "excluded_lines": 0}, "missing_lines": [], "excluded_lines": []}, "test_convert_to_archive_url_newsgroups": {"executed_lines": [38, 39, 40], "summary": {"covered_lines": 3, "num_statements": 3, "percent_covered": 100.0, "percent_covered_display": "100", "missing_lines": 0, "excluded_lines": 0}, "missing_lines": [], "excluded_lines": []}, "test_extract_domain_and_date_websites": {"executed_lines": [44, 45, 46, 47], "summary": {"covered_lines": 4, "num_statements": 4, "percent_covered": 100.0, "percent_covered_display": "100", "missing_lines": 0, "excluded_lines": 0}, "missing_lines": [], "excluded_lines": []}, "test_extract_newsgroups": {"executed_lines": [51, 52, 53, 54, 56, 57, 58], "summary": {"covered_lines": 7, "num_statements": 7, "percent_covered": 100.0, "percent_covered_display": "100", "missing_lines": 0, "excluded_lines": 0}, "missing_lines": [], "excluded_lines": []}, "test_resolve_thumbnail_url_defaults": {"executed_lines": [62, 63], "summary": {"covered_lines": 2, "num_statements": 2, "percent_covered": 100.0, "percent_covered_display": "100", "missing_lines": 0, "excluded_lines": 0}, "missing_lines": [], "excluded_lines": []}, "test_resolve_thumbnail_url_web_archive": {"executed_lines": [67, 68, 70, 71, 73, 74, 75], "summary": {"covered_lines": 7, "num_statements": 7, "percent_covered": 100.0, "percent_covered_display": "100", "missing_lines": 0, "excluded_lines": 0}, "missing_lines": [], "excluded_lines": []}, "test_resolve_thumbnail_url_mailing_newsgroups": {"executed_lines": [79, 80, 81, 82], "summary": {"covered_lines": 4, "num_statements": 4, "percent_covered": 100.0, "percent_covered_display": "100", "missing_lines": 0, "excluded_lines": 0}, "missing_lines": [], "excluded_lines": []}, "test_extract_websites_date_formatting": {"executed_lines": [86, 87, 88, 89, 92, 93, 94, 95], "summary": {"covered_lines": 8, "num_statements": 8, "percent_covered": 100.0, "percent_covered_display": "100", "missing_lines": 0, "excluded_lines": 0}, "missing_lines": [], "excluded_lines": []}, "test_extract_domain_and_date_newsgroups_path": {"executed_lines": [100, 101, 104, 107, 108, 110, 111, 112, 113, 115], "summary": {"covered_lines": 10, "num_statements": 10, "percent_covered": 100.0, "percent_covered_display": "100", "missing_lines": 0, "excluded_lines": 0}, "missing_lines": [], "excluded_lines": []}, "test_extract_domain_and_date_newsgroups_path.mock_extract": {"executed_lines": [105], "summary": {"covered_lines": 1, "num_statements": 1, "percent_covered": 100.0, "percent_covered_display": "100", "missing_lines": 0, "excluded_lines": 0}, "missing_lines": [], "excluded_lines": []}, "test_extract_domain_and_date_mailing_lists_path": {"executed_lines": [119, 120, 123, 126, 127, 129, 130, 131, 132, 134], "summary": {"covered_lines": 10, "num_statements": 10, "percent_covered": 100.0, "percent_covered_display": "100", "missing_lines": 0, "excluded_lines": 0}, "missing_lines": [], "excluded_lines": []}, "test_extract_domain_and_date_mailing_lists_path.mock_extract": {"executed_lines": [124], "summary": {"covered_lines": 1, "num_statements": 1, "percent_covered": 100.0, "percent_covered_display": "100", "missing_lines": 0, "excluded_lines": 0}, "missing_lines": [], "excluded_lines": []}, "test_extract_domain_and_date_unknown_path": {"executed_lines": [138, 139, 141, 142, 143], "summary": {"covered_lines": 5, "num_statements": 5, "percent_covered": 100.0, "percent_covered_display": "100", "missing_lines": 0, "excluded_lines": 0}, "missing_lines": [], "excluded_lines": []}, "test_is_newsgroups": {"executed_lines": [148, 151, 154], "summary": {"covered_lines": 3, "num_statements": 3, "percent_covered": 100.0, "percent_covered_display": "100", "missing_lines": 0, "excluded_lines": 0}, "missing_lines": [], "excluded_lines": []}, "test_is_mailing_lists": {"executed_lines": [159, 162, 165], "summary": {"covered_lines": 3, "num_statements": 3, "percent_covered": 100.0, "percent_covered_display": "100", "missing_lines": 0, "excluded_lines": 0}, "missing_lines": [], "excluded_lines": []}, "test_resolve_thumbnail_url_file_types": {"executed_lines": [170, 171, 174, 175, 178, 179], "summary": {"covered_lines": 6, "num_statements": 6, "percent_covered": 100.0, "percent_covered_display": "100", "missing_lines": 0, "excluded_lines": 0}, "missing_lines": [], "excluded_lines": []}, "test_extract_newsgroups_file_not_found": {"executed_lines": [184, 185, 186], "summary": {"covered_lines": 3, "num_statements": 3, "percent_covered": 100.0, "percent_covered_display": "100", "missing_lines": 0, "excluded_lines": 0}, "missing_lines": [], "excluded_lines": []}, "test_extract_newsgroups_no_date": {"executed_lines": [190, 191, 193, 194, 195], "summary": {"covered_lines": 5, "num_statements": 5, "percent_covered": 100.0, "percent_covered_display": "100", "missing_lines": 0, "excluded_lines": 0}, "missing_lines": [], "excluded_lines": []}, "test_extract_newsgroups_read_error": {"executed_lines": [199, 202, 204, 205, 206], "summary": {"covered_lines": 5, "num_statements": 5, "percent_covered": 100.0, "percent_covered_display": "100", "missing_lines": 0, "excluded_lines": 0}, "missing_lines": [], "excluded_lines": []}, "test_extract_newsgroups_read_error.mock_open": {"executed_lines": [200], "summary": {"covered_lines": 1, "num_statements": 1, "percent_covered": 100.0, "percent_covered_display": "100", "missing_lines": 0, "excluded_lines": 0}, "missing_lines": [], "excluded_lines": []}, "test_convert_to_archive_url_exception": {"executed_lines": [211, 214, 216, 217], "summary": {"covered_lines": 4, "num_statements": 4, "percent_covered": 100.0, "percent_covered_display": "100", "missing_lines": 0, "excluded_lines": 0}, "missing_lines": [], "excluded_lines": []}, "test_convert_to_archive_url_exception.mock_extract_domain_and_date": {"executed_lines": [], "summary": {"covered_lines": 0, "num_statements": 1, "percent_covered": 0.0, "percent_covered_display": "0", "missing_lines": 1, "excluded_lines": 0}, "missing_lines": [212], "excluded_lines": []}, "test_convert_to_archive_url_unsupported_type": {"executed_lines": [221, 222], "summary": {"covered_lines": 2, "num_statements": 2, "percent_covered": 100.0, "percent_covered_display": "100", "missing_lines": 0, "excluded_lines": 0}, "missing_lines": [], "excluded_lines": []}, "test_get_mailing_list_date": {"executed_lines": [225, 228, 230, 231], "summary": {"covered_lines": 4, "num_statements": 4, "percent_covered": 100.0, "percent_covered_display": "100", "missing_lines": 0, "excluded_lines": 0}, "missing_lines": [], "excluded_lines": []}, "test_get_mailing_list_date.mock_extract_mailing_lists": {"executed_lines": [226], "summary": {"covered_lines": 1, "num_statements": 1, "percent_covered": 100.0, "percent_covered_display": "100", "missing_lines": 0, "excluded_lines": 0}, "missing_lines": [], "excluded_lines": []}, "test_get_mailing_list_date_none": {"executed_lines": [235, 238, 240, 241], "summary": {"covered_lines": 4, "num_statements": 4, "percent_covered": 100.0, "percent_covered_display": "100", "missing_lines": 0, "excluded_lines": 0}, "missing_lines": [], "excluded_lines": []}, "test_get_mailing_list_date_none.mock_extract_mailing_lists": {"executed_lines": [236], "summary": {"covered_lines": 1, "num_statements": 1, "percent_covered": 100.0, "percent_covered_display": "100", "missing_lines": 0, "excluded_lines": 0}, "missing_lines": [], "excluded_lines": []}, "test_extract_mailing_lists_with_date": {"executed_lines": [245, 250, 251, 253, 254, 255], "summary": {"covered_lines": 6, "num_statements": 6, "percent_covered": 100.0, "percent_covered_display": "100", "missing_lines": 0, "excluded_lines": 0}, "missing_lines": [], "excluded_lines": []}, "test_extract_mailing_lists_with_post_date": {"executed_lines": [259, 265, 266, 268, 269, 270], "summary": {"covered_lines": 6, "num_statements": 6, "percent_covered": 100.0, "percent_covered_display": "100", "missing_lines": 0, "excluded_lines": 0}, "missing_lines": [], "excluded_lines": []}, "test_extract_mailing_lists_both_dates": {"executed_lines": [275, 281, 282, 284, 285, 286], "summary": {"covered_lines": 6, "num_statements": 6, "percent_covered": 100.0, "percent_covered_display": "100", "missing_lines": 0, "excluded_lines": 0}, "missing_lines": [], "excluded_lines": []}, "test_extract_mailing_lists_no_date": {"executed_lines": [290, 296, 297, 299, 300, 301], "summary": {"covered_lines": 6, "num_statements": 6, "percent_covered": 100.0, "percent_covered_display": "100", "missing_lines": 0, "excluded_lines": 0}, "missing_lines": [], "excluded_lines": []}, "test_extract_mailing_lists_empty_date": {"executed_lines": [305, 311, 312, 314, 315, 316], "summary": {"covered_lines": 6, "num_statements": 6, "percent_covered": 100.0, "percent_covered_display": "100", "missing_lines": 0, "excluded_lines": 0}, "missing_lines": [], "excluded_lines": []}, "test_extract_mailing_lists_zero_date": {"executed_lines": [320, 326, 327, 329, 330, 331], "summary": {"covered_lines": 6, "num_statements": 6, "percent_covered": 100.0, "percent_covered_display": "100", "missing_lines": 0, "excluded_lines": 0}, "missing_lines": [], "excluded_lines": []}, "test_extract_mailing_lists_file_not_found": {"executed_lines": [335, 336], "summary": {"covered_lines": 2, "num_statements": 2, "percent_covered": 100.0, "percent_covered_display": "100", "missing_lines": 0, "excluded_lines": 0}, "missing_lines": [], "excluded_lines": []}, "test_extract_mailing_lists_invalid_json": {"executed_lines": [340, 341, 343, 344], "summary": {"covered_lines": 4, "num_statements": 4, "percent_covered": 100.0, "percent_covered_display": "100", "missing_lines": 0, "excluded_lines": 0}, "missing_lines": [], "excluded_lines": []}, "test_extract_mailing_lists_missing_ygdata": {"executed_lines": [348, 349, 350, 352, 353], "summary": {"covered_lines": 5, "num_statements": 5, "percent_covered": 100.0, "percent_covered_display": "100", "missing_lines": 0, "excluded_lines": 0}, "missing_lines": [], "excluded_lines": []}, "": {"executed_lines": [1, 2, 3, 4, 5, 7, 8, 11, 20, 26, 32, 37, 42, 49, 60, 65, 77, 84, 98, 117, 136, 146, 157, 168, 182, 188, 197, 209, 219, 223, 233, 243, 257, 272, 288, 303, 318, 333, 338, 346], "summary": {"covered_lines": 40, "num_statements": 40, "percent_covered": 100.0, "percent_covered_display": "100", "missing_lines": 0, "excluded_lines": 0}, "missing_lines": [], "excluded_lines": []}}, "classes": {"": {"executed_lines": [1, 2, 3, 4, 5, 7, 8, 9, 11, 12, 13, 14, 16, 18, 20, 22, 23, 24, 26, 28, 29, 30, 32, 33, 34, 35, 37, 38, 39, 40, 42, 44, 45, 46, 47, 49, 51, 52, 53, 54, 56, 57, 58, 60, 62, 63, 65, 67, 68, 70, 71, 73, 74, 75, 77, 79, 80, 81, 82, 84, 86, 87, 88, 89, 92, 93, 94, 95, 98, 100, 101, 104, 105, 107, 108, 110, 111, 112, 113, 115, 117, 119, 120, 123, 124, 126, 127, 129, 130, 131, 132, 134, 136, 138, 139, 141, 142, 143, 146, 148, 151, 154, 157, 159, 162, 165, 168, 170, 171, 174, 175, 178, 179, 182, 184, 185, 186, 188, 190, 191, 193, 194, 195, 197, 199, 200, 202, 204, 205, 206, 209, 211, 214, 216, 217, 219, 221, 222, 223, 225, 226, 228, 230, 231, 233, 235, 236, 238, 240, 241, 243, 245, 250, 251, 253, 254, 255, 257, 259, 265, 266, 268, 269, 270, 272, 275, 281, 282, 284, 285, 286, 288, 290, 296, 297, 299, 300, 301, 303, 305, 311, 312, 314, 315, 316, 318, 320, 326, 327, 329, 330, 331, 333, 335, 336, 338, 340, 341, 343, 344, 346, 348, 349, 350, 352, 353], "summary": {"covered_lines": 206, "num_statements": 207, "percent_covered": 99.51690821256038, "percent_covered_display": "99", "missing_lines": 1, "excluded_lines": 0}, "missing_lines": [212], "excluded_lines": []}}}, "elastic-indexer-stack\\indexer\\src\\indexer\\test\\test_es_manager.py": {"executed_lines": [3, 4, 5, 6, 7, 8, 10, 11, 12, 13, 14, 15, 17, 18, 19, 22, 23, 24, 25, 27, 29, 30, 31, 32, 34, 35, 36, 37, 38, 39, 40, 41, 42, 43, 45, 46, 47, 48, 49, 51, 53, 55, 57, 59, 60, 61, 63, 64, 65, 69, 70, 73, 74, 76, 77, 78, 79, 81, 82, 85, 86, 87, 89, 90, 91, 92, 94, 95, 98, 99, 100, 102, 103, 104, 105, 106, 108, 109, 110, 111, 112, 114, 115, 117, 118, 120, 122, 123, 124, 126, 127, 129, 130, 131, 133, 134, 135, 137, 138, 139, 140, 141, 143, 144, 145, 146, 147, 149, 150, 155, 156, 157, 163, 164, 169, 170, 171, 177, 178, 183, 184, 185, 187, 188, 189, 190, 192, 194, 195, 196, 198, 199, 200, 202, 206, 207, 208, 210, 214, 215, 216, 218, 220, 222, 223, 225, 226, 230, 232, 233, 234, 236, 238, 239, 240], "summary": {"covered_lines": 155, "num_statements": 157, "percent_covered": 98.72611464968153, "percent_covered_display": "99", "missing_lines": 2, "excluded_lines": 0}, "missing_lines": [227, 228], "excluded_lines": [], "functions": {"mock_elasticsearch": {"executed_lines": [12, 13, 14, 15], "summary": {"covered_lines": 4, "num_statements": 4, "percent_covered": 100.0, "percent_covered_display": "100", "missing_lines": 0, "excluded_lines": 0}, "missing_lines": [], "excluded_lines": []}, "manager": {"executed_lines": [19], "summary": {"covered_lines": 1, "num_statements": 1, "percent_covered": 100.0, "percent_covered_display": "100", "missing_lines": 0, "excluded_lines": 0}, "missing_lines": [], "excluded_lines": []}, "test_create_client_success": {"executed_lines": [23, 24, 25, 27, 29, 30, 31, 32], "summary": {"covered_lines": 8, "num_statements": 8, "percent_covered": 100.0, "percent_covered_display": "100", "missing_lines": 0, "excluded_lines": 0}, "missing_lines": [], "excluded_lines": []}, "test_create_client_fail": {"executed_lines": [39, 40, 41, 42, 43], "summary": {"covered_lines": 5, "num_statements": 5, "percent_covered": 100.0, "percent_covered_display": "100", "missing_lines": 0, "excluded_lines": 0}, "missing_lines": [], "excluded_lines": []}, "test_get_client_creates_new": {"executed_lines": [46, 47, 48, 49], "summary": {"covered_lines": 4, "num_statements": 4, "percent_covered": 100.0, "percent_covered_display": "100", "missing_lines": 0, "excluded_lines": 0}, "missing_lines": [], "excluded_lines": []}, "test_get_client_reconnects": {"executed_lines": [53, 55, 57, 59, 60, 61], "summary": {"covered_lines": 6, "num_statements": 6, "percent_covered": 100.0, "percent_covered_display": "100", "missing_lines": 0, "excluded_lines": 0}, "missing_lines": [], "excluded_lines": []}, "test_index_document_success": {"executed_lines": [64, 65], "summary": {"covered_lines": 2, "num_statements": 2, "percent_covered": 100.0, "percent_covered_display": "100", "missing_lines": 0, "excluded_lines": 0}, "missing_lines": [], "excluded_lines": []}, "test_index_document_request_error": {"executed_lines": [70, 73, 74], "summary": {"covered_lines": 3, "num_statements": 3, "percent_covered": 100.0, "percent_covered_display": "100", "missing_lines": 0, "excluded_lines": 0}, "missing_lines": [], "excluded_lines": []}, "test_record_exists_success": {"executed_lines": [77, 78, 79], "summary": {"covered_lines": 3, "num_statements": 3, "percent_covered": 100.0, "percent_covered_display": "100", "missing_lines": 0, "excluded_lines": 0}, "missing_lines": [], "excluded_lines": []}, "test_record_exists_request_error": {"executed_lines": [82, 85, 86, 87], "summary": {"covered_lines": 4, "num_statements": 4, "percent_covered": 100.0, "percent_covered_display": "100", "missing_lines": 0, "excluded_lines": 0}, "missing_lines": [], "excluded_lines": []}, "test_get_document_success": {"executed_lines": [90, 91, 92], "summary": {"covered_lines": 3, "num_statements": 3, "percent_covered": 100.0, "percent_covered_display": "100", "missing_lines": 0, "excluded_lines": 0}, "missing_lines": [], "excluded_lines": []}, "test_get_document_request_error": {"executed_lines": [95, 98, 99, 100], "summary": {"covered_lines": 4, "num_statements": 4, "percent_covered": 100.0, "percent_covered_display": "100", "missing_lines": 0, "excluded_lines": 0}, "missing_lines": [], "excluded_lines": []}, "test_create_index_template_new": {"executed_lines": [103, 104, 105, 106], "summary": {"covered_lines": 4, "num_statements": 4, "percent_covered": 100.0, "percent_covered_display": "100", "missing_lines": 0, "excluded_lines": 0}, "missing_lines": [], "excluded_lines": []}, "test_create_index_template_existing": {"executed_lines": [109, 110, 111, 112], "summary": {"covered_lines": 4, "num_statements": 4, "percent_covered": 100.0, "percent_covered_display": "100", "missing_lines": 0, "excluded_lines": 0}, "missing_lines": [], "excluded_lines": []}, "test_create_index_template_includes_all_fields": {"executed_lines": [115, 117, 118, 120, 122, 123, 124, 126, 127, 129, 130, 131, 133, 134, 135], "summary": {"covered_lines": 15, "num_statements": 15, "percent_covered": 100.0, "percent_covered_display": "100", "missing_lines": 0, "excluded_lines": 0}, "missing_lines": [], "excluded_lines": []}, "test_initialize_es_index_new": {"executed_lines": [138, 139, 140, 141], "summary": {"covered_lines": 4, "num_statements": 4, "percent_covered": 100.0, "percent_covered_display": "100", "missing_lines": 0, "excluded_lines": 0}, "missing_lines": [], "excluded_lines": []}, "test_initialize_es_index_existing": {"executed_lines": [144, 145, 146, 147], "summary": {"covered_lines": 4, "num_statements": 4, "percent_covered": 100.0, "percent_covered_display": "100", "missing_lines": 0, "excluded_lines": 0}, "missing_lines": [], "excluded_lines": []}, "test_chunks_exist_true": {"executed_lines": [150, 155, 156, 157], "summary": {"covered_lines": 4, "num_statements": 4, "percent_covered": 100.0, "percent_covered_display": "100", "missing_lines": 0, "excluded_lines": 0}, "missing_lines": [], "excluded_lines": []}, "test_chunks_exist_false": {"executed_lines": [164, 169, 170, 171], "summary": {"covered_lines": 4, "num_statements": 4, "percent_covered": 100.0, "percent_covered_display": "100", "missing_lines": 0, "excluded_lines": 0}, "missing_lines": [], "excluded_lines": []}, "test_chunks_exist_request_error": {"executed_lines": [178, 183, 184, 185], "summary": {"covered_lines": 4, "num_statements": 4, "percent_covered": 100.0, "percent_covered_display": "100", "missing_lines": 0, "excluded_lines": 0}, "missing_lines": [], "excluded_lines": []}, "test_get_client_initializes_when_missing": {"executed_lines": [188, 189, 190, 192, 194, 195, 196], "summary": {"covered_lines": 7, "num_statements": 7, "percent_covered": 100.0, "percent_covered_display": "100", "missing_lines": 0, "excluded_lines": 0}, "missing_lines": [], "excluded_lines": []}, "test_get_client_doesnt_initialize_when_present": {"executed_lines": [199, 200, 202, 206, 207, 208, 210, 214, 215, 216], "summary": {"covered_lines": 10, "num_statements": 10, "percent_covered": 100.0, "percent_covered_display": "100", "missing_lines": 0, "excluded_lines": 0}, "missing_lines": [], "excluded_lines": []}, "test_build_document_valid": {"executed_lines": [220, 222, 223, 225, 226], "summary": {"covered_lines": 5, "num_statements": 7, "percent_covered": 71.42857142857143, "percent_covered_display": "71", "missing_lines": 2, "excluded_lines": 0}, "missing_lines": [227, 228], "excluded_lines": []}, "test_build_document_specified_last_indexed": {"executed_lines": [232, 233, 234], "summary": {"covered_lines": 3, "num_statements": 3, "percent_covered": 100.0, "percent_covered_display": "100", "missing_lines": 0, "excluded_lines": 0}, "missing_lines": [], "excluded_lines": []}, "test_build_document_invalid_field": {"executed_lines": [238, 239, 240], "summary": {"covered_lines": 3, "num_statements": 3, "percent_covered": 100.0, "percent_covered_display": "100", "missing_lines": 0, "excluded_lines": 0}, "missing_lines": [], "excluded_lines": []}, "": {"executed_lines": [3, 4, 5, 6, 7, 8, 10, 11, 17, 18, 22, 34, 35, 36, 37, 38, 45, 51, 63, 69, 76, 81, 89, 94, 102, 108, 114, 137, 143, 149, 163, 177, 187, 198, 218, 230, 236], "summary": {"covered_lines": 37, "num_statements": 37, "percent_covered": 100.0, "percent_covered_display": "100", "missing_lines": 0, "excluded_lines": 0}, "missing_lines": [], "excluded_lines": []}}, "classes": {"": {"executed_lines": [3, 4, 5, 6, 7, 8, 10, 11, 12, 13, 14, 15, 17, 18, 19, 22, 23, 24, 25, 27, 29, 30, 31, 32, 34, 35, 36, 37, 38, 39, 40, 41, 42, 43, 45, 46, 47, 48, 49, 51, 53, 55, 57, 59, 60, 61, 63, 64, 65, 69, 70, 73, 74, 76, 77, 78, 79, 81, 82, 85, 86, 87, 89, 90, 91, 92, 94, 95, 98, 99, 100, 102, 103, 104, 105, 106, 108, 109, 110, 111, 112, 114, 115, 117, 118, 120, 122, 123, 124, 126, 127, 129, 130, 131, 133, 134, 135, 137, 138, 139, 140, 141, 143, 144, 145, 146, 147, 149, 150, 155, 156, 157, 163, 164, 169, 170, 171, 177, 178, 183, 184, 185, 187, 188, 189, 190, 192, 194, 195, 196, 198, 199, 200, 202, 206, 207, 208, 210, 214, 215, 216, 218, 220, 222, 223, 225, 226, 230, 232, 233, 234, 236, 238, 239, 240], "summary": {"covered_lines": 155, "num_statements": 157, "percent_covered": 98.72611464968153, "percent_covered_display": "99", "missing_lines": 2, "excluded_lines": 0}, "missing_lines": [227, 228], "excluded_lines": []}}}, "elastic-indexer-stack\\indexer\\src\\indexer\\test\\test_file_finder.py": {"executed_lines": [1, 2, 3, 4, 6, 7, 14, 15, 16, 17, 19, 21, 22, 23, 24, 25, 27, 28, 29, 31, 32, 34, 35, 36, 37, 38, 40, 41, 42, 43, 45, 47, 48, 49, 50, 51, 52, 54, 55, 56, 57, 58, 76, 77, 78, 92, 93, 94, 103, 104, 105, 106, 107, 111, 112, 113, 114, 115, 116, 117, 119, 124, 125, 126, 128, 130, 131, 132, 136, 137, 138, 139, 141, 143, 147, 149, 151, 152, 153, 154, 155, 156, 158, 163, 165, 167, 168, 169, 170, 171, 172, 174, 176, 178, 179, 180, 181, 182, 183, 184, 186, 187, 188, 190, 192, 193, 194, 195, 196, 197, 198, 200, 201, 203, 204, 205, 207, 209, 211, 212, 213, 214, 215, 216, 217, 219, 220, 222, 223, 224, 226, 228, 230, 231, 232, 233, 235, 236, 237, 239, 241, 242, 243, 244, 245, 246, 249, 250, 251, 253, 255, 256, 265, 271, 272, 273, 274, 277, 278, 279, 281, 284, 288, 289, 295, 296, 297, 298, 301, 302, 303, 304, 306, 308, 313, 314, 315, 317, 318, 319, 320, 323, 324, 325, 326, 328, 330, 342, 343, 345, 346, 347, 348, 351, 352, 353, 355, 357, 358, 359, 360, 362, 363, 364, 365, 366, 367, 369, 372, 373, 375, 378, 380, 381, 382, 383, 385, 388, 389, 391, 394, 396, 397, 398, 399, 401, 404, 410, 412, 415, 417, 418, 419, 420, 422, 425, 431, 433, 436, 438, 439, 440, 441, 442, 444, 447, 453, 455, 458, 460, 461, 463, 464, 465, 466, 468, 470, 471, 472, 473, 474, 475, 477, 479, 480, 481, 482, 483, 484, 486, 488, 489, 490, 491, 492, 494, 496, 497, 498, 499, 500, 501, 503, 505, 506, 507, 508, 509, 511, 513, 514, 515, 516, 517, 519, 520, 521, 522, 524, 526, 527, 529, 530, 531, 533, 535, 536, 538, 539, 540, 542, 544, 545, 547, 548, 549, 550, 552, 554, 556, 557, 558, 559, 561, 563, 565, 566, 567, 568, 570, 572, 574, 575, 576, 577, 579, 581, 583, 584, 585, 586, 587, 588, 590, 591, 593, 594, 595, 598, 601, 602, 603, 605, 606, 608, 609, 612, 613, 616, 619, 621, 622, 624, 625, 626, 629, 630, 633, 636, 637, 638, 640, 641, 643, 644, 645, 648, 651, 653, 654, 656, 657, 658, 661, 662, 665, 666, 669, 672, 674, 675, 676, 677, 679, 680, 681, 684, 685, 687, 688, 690, 692, 695, 701, 704, 705, 707, 708, 709, 711, 714, 718, 721, 724, 725, 726, 727, 729, 730, 731, 734, 735, 736, 738, 741, 744, 747, 748, 749, 750, 753, 754, 756, 757, 758, 760, 761, 762, 763, 764, 767, 768, 769, 771, 774, 779, 783, 784, 786, 787, 788, 790, 791, 792, 795, 796, 797, 799, 802, 808, 811, 812, 814], "summary": {"covered_lines": 463, "num_statements": 482, "percent_covered": 96.05809128630706, "percent_covered_display": "96", "missing_lines": 19, "excluded_lines": 0}, "missing_lines": [59, 60, 61, 63, 65, 66, 79, 80, 81, 82, 84, 86, 87, 95, 96, 97, 99, 101, 815], "excluded_lines": [], "functions": {"TestFileFinderInitialization.test_initialization_with_env_vars": {"executed_lines": [15, 16, 17, 19, 21, 22, 23, 24, 25], "summary": {"covered_lines": 9, "num_statements": 9, "percent_covered": 100.0, "percent_covered_display": "100", "missing_lines": 0, "excluded_lines": 0}, "missing_lines": [], "excluded_lines": []}, "TestFileFinderInitialization.test_initialization_with_defaults": {"executed_lines": [28, 29, 31, 32, 34, 35, 36, 37, 38], "summary": {"covered_lines": 9, "num_statements": 9, "percent_covered": 100.0, "percent_covered_display": "100", "missing_lines": 0, "excluded_lines": 0}, "missing_lines": [], "excluded_lines": []}, "TestFileFinderInitialization.test_logger_initialization": {"executed_lines": [41, 42, 43, 45, 47, 48, 49, 50, 51, 52], "summary": {"covered_lines": 10, "num_statements": 10, "percent_covered": 100.0, "percent_covered_display": "100", "missing_lines": 0, "excluded_lines": 0}, "missing_lines": [], "excluded_lines": []}, "TestSparseCheckoutRepo.test_clone_repository": {"executed_lines": [], "summary": {"covered_lines": 0, "num_statements": 6, "percent_covered": 0.0, "percent_covered_display": "0", "missing_lines": 6, "excluded_lines": 0}, "missing_lines": [59, 60, 61, 63, 65, 66], "excluded_lines": []}, "TestSparseCheckoutRepo.test_sparse_checkout_paths": {"executed_lines": [], "summary": {"covered_lines": 0, "num_statements": 7, "percent_covered": 0.0, "percent_covered_display": "0", "missing_lines": 7, "excluded_lines": 0}, "missing_lines": [79, 80, 81, 82, 84, 86, 87], "excluded_lines": []}, "TestSparseCheckoutRepo.test_update_repository": {"executed_lines": [], "summary": {"covered_lines": 0, "num_statements": 5, "percent_covered": 0.0, "percent_covered_display": "0", "missing_lines": 5, "excluded_lines": 0}, "missing_lines": [95, 96, 97, 99, 101], "excluded_lines": []}, "TestWalkAndQueue.test_walk_and_queue": {"executed_lines": [112, 113, 114, 115, 116, 117, 119, 124, 125, 126, 128], "summary": {"covered_lines": 11, "num_statements": 11, "percent_covered": 100.0, "percent_covered_display": "100", "missing_lines": 0, "excluded_lines": 0}, "missing_lines": [], "excluded_lines": []}, "TestWalkAndQueue.test_skip_hidden_files": {"executed_lines": [137, 138, 139, 141, 143, 147, 149], "summary": {"covered_lines": 7, "num_statements": 7, "percent_covered": 100.0, "percent_covered_display": "100", "missing_lines": 0, "excluded_lines": 0}, "missing_lines": [], "excluded_lines": []}, "TestWalkAndQueue.test_skip_non_html_mailing_lists": {"executed_lines": [154, 155, 156, 158, 163, 165], "summary": {"covered_lines": 6, "num_statements": 6, "percent_covered": 100.0, "percent_covered_display": "100", "missing_lines": 0, "excluded_lines": 0}, "missing_lines": [], "excluded_lines": []}, "TestWalkAndQueue.test_walk_and_queue_calls_sparse_checkout_repo": {"executed_lines": [170, 171, 172, 174, 176], "summary": {"covered_lines": 5, "num_statements": 5, "percent_covered": 100.0, "percent_covered_display": "100", "missing_lines": 0, "excluded_lines": 0}, "missing_lines": [], "excluded_lines": []}, "TestCheckAndQueueFile.test_check_and_queue_file_exists_no_reindex": {"executed_lines": [181, 182, 183, 184, 186, 187, 188, 190], "summary": {"covered_lines": 8, "num_statements": 8, "percent_covered": 100.0, "percent_covered_display": "100", "missing_lines": 0, "excluded_lines": 0}, "missing_lines": [], "excluded_lines": []}, "TestCheckAndQueueFile.test_check_and_queue_file_recently_indexed": {"executed_lines": [194, 195, 196, 197, 198, 200, 201, 203, 204, 205, 207, 209], "summary": {"covered_lines": 12, "num_statements": 12, "percent_covered": 100.0, "percent_covered_display": "100", "missing_lines": 0, "excluded_lines": 0}, "missing_lines": [], "excluded_lines": []}, "TestCheckAndQueueFile.test_check_and_queue_file_old_index": {"executed_lines": [213, 214, 215, 216, 217, 219, 220, 222, 223, 224, 226, 228], "summary": {"covered_lines": 12, "num_statements": 12, "percent_covered": 100.0, "percent_covered_display": "100", "missing_lines": 0, "excluded_lines": 0}, "missing_lines": [], "excluded_lines": []}, "TestCheckAndQueueFile.test_check_and_queue_file_not_exists": {"executed_lines": [231, 232, 233, 235, 236, 237, 239], "summary": {"covered_lines": 7, "num_statements": 7, "percent_covered": 100.0, "percent_covered_display": "100", "missing_lines": 0, "excluded_lines": 0}, "missing_lines": [], "excluded_lines": []}, "TestSparseCheckoutRepo.test_clones_if_missing_git": {"executed_lines": [249, 250, 251, 253, 255, 256, 265], "summary": {"covered_lines": 7, "num_statements": 7, "percent_covered": 100.0, "percent_covered_display": "100", "missing_lines": 0, "excluded_lines": 0}, "missing_lines": [], "excluded_lines": []}, "TestSparseCheckoutRepo.test_no_clone_if_git_exists": {"executed_lines": [277, 278, 279, 281, 284, 288, 289], "summary": {"covered_lines": 7, "num_statements": 7, "percent_covered": 100.0, "percent_covered_display": "100", "missing_lines": 0, "excluded_lines": 0}, "missing_lines": [], "excluded_lines": []}, "TestSparseCheckoutRepo.test_sparse_checkout_empty_paths": {"executed_lines": [301, 302, 303, 304, 306, 308, 313, 314, 315], "summary": {"covered_lines": 9, "num_statements": 9, "percent_covered": 100.0, "percent_covered_display": "100", "missing_lines": 0, "excluded_lines": 0}, "missing_lines": [], "excluded_lines": []}, "TestSparseCheckoutRepo.test_sparse_checkout_multiple_paths": {"executed_lines": [323, 324, 325, 326, 328, 330, 342, 343], "summary": {"covered_lines": 8, "num_statements": 8, "percent_covered": 100.0, "percent_covered_display": "100", "missing_lines": 0, "excluded_lines": 0}, "missing_lines": [], "excluded_lines": []}, "TestSparseCheckoutRepo.test_pull_is_called_after_checkout": {"executed_lines": [351, 352, 353, 355, 357, 358, 359, 360], "summary": {"covered_lines": 8, "num_statements": 8, "percent_covered": 100.0, "percent_covered_display": "100", "missing_lines": 0, "excluded_lines": 0}, "missing_lines": [], "excluded_lines": []}, "TestCheckAndQueueFileLLMEnrichment.test_skip_llm_enrichment_true_bypasses_enrichment_check": {"executed_lines": [364, 365, 366, 367, 369, 372, 373, 375, 378], "summary": {"covered_lines": 9, "num_statements": 9, "percent_covered": 100.0, "percent_covered_display": "100", "missing_lines": 0, "excluded_lines": 0}, "missing_lines": [], "excluded_lines": []}, "TestCheckAndQueueFileLLMEnrichment.test_file_with_missing_llm_summary_is_queued": {"executed_lines": [381, 382, 383, 385, 388, 389, 391, 394], "summary": {"covered_lines": 8, "num_statements": 8, "percent_covered": 100.0, "percent_covered_display": "100", "missing_lines": 0, "excluded_lines": 0}, "missing_lines": [], "excluded_lines": []}, "TestCheckAndQueueFileLLMEnrichment.test_file_with_placeholder_llm_summary_is_queued": {"executed_lines": [397, 398, 399, 401, 404, 410, 412, 415], "summary": {"covered_lines": 8, "num_statements": 8, "percent_covered": 100.0, "percent_covered_display": "100", "missing_lines": 0, "excluded_lines": 0}, "missing_lines": [], "excluded_lines": []}, "TestCheckAndQueueFileLLMEnrichment.test_enriched_file_with_always_enrich_true_is_queued": {"executed_lines": [418, 419, 420, 422, 425, 431, 433, 436], "summary": {"covered_lines": 8, "num_statements": 8, "percent_covered": 100.0, "percent_covered_display": "100", "missing_lines": 0, "excluded_lines": 0}, "missing_lines": [], "excluded_lines": []}, "TestCheckAndQueueFileLLMEnrichment.test_enriched_file_not_queued_when_already_enriched": {"executed_lines": [439, 440, 441, 442, 444, 447, 453, 455, 458], "summary": {"covered_lines": 9, "num_statements": 9, "percent_covered": 100.0, "percent_covered_display": "100", "missing_lines": 0, "excluded_lines": 0}, "missing_lines": [], "excluded_lines": []}, "TestShouldSkipFile.setUp": {"executed_lines": [463, 464, 465, 466], "summary": {"covered_lines": 4, "num_statements": 4, "percent_covered": 100.0, "percent_covered_display": "100", "missing_lines": 0, "excluded_lines": 0}, "missing_lines": [], "excluded_lines": []}, "TestShouldSkipFile.test_hidden_file": {"executed_lines": [470, 471, 472, 473, 474, 475], "summary": {"covered_lines": 6, "num_statements": 6, "percent_covered": 100.0, "percent_covered_display": "100", "missing_lines": 0, "excluded_lines": 0}, "missing_lines": [], "excluded_lines": []}, "TestShouldSkipFile.test_mailing_lists_non_json": {"executed_lines": [479, 480, 481, 482, 483, 484], "summary": {"covered_lines": 6, "num_statements": 6, "percent_covered": 100.0, "percent_covered_display": "100", "missing_lines": 0, "excluded_lines": 0}, "missing_lines": [], "excluded_lines": []}, "TestShouldSkipFile.test_mailing_lists_json": {"executed_lines": [488, 489, 490, 491, 492], "summary": {"covered_lines": 5, "num_statements": 5, "percent_covered": 100.0, "percent_covered_display": "100", "missing_lines": 0, "excluded_lines": 0}, "missing_lines": [], "excluded_lines": []}, "TestShouldSkipFile.test_newsgroups_non_txt": {"executed_lines": [496, 497, 498, 499, 500, 501], "summary": {"covered_lines": 6, "num_statements": 6, "percent_covered": 100.0, "percent_covered_display": "100", "missing_lines": 0, "excluded_lines": 0}, "missing_lines": [], "excluded_lines": []}, "TestShouldSkipFile.test_newsgroups_txt": {"executed_lines": [505, 506, 507, 508, 509], "summary": {"covered_lines": 5, "num_statements": 5, "percent_covered": 100.0, "percent_covered_display": "100", "missing_lines": 0, "excluded_lines": 0}, "missing_lines": [], "excluded_lines": []}, "TestShouldSkipFile.test_non_special_file": {"executed_lines": [513, 514, 515, 516, 517], "summary": {"covered_lines": 5, "num_statements": 5, "percent_covered": 100.0, "percent_covered_display": "100", "missing_lines": 0, "excluded_lines": 0}, "missing_lines": [], "excluded_lines": []}, "TestLLMEnrichmentFlags.test_skip_llm_enrichment_default": {"executed_lines": [521, 522, 524, 526, 527], "summary": {"covered_lines": 5, "num_statements": 5, "percent_covered": 100.0, "percent_covered_display": "100", "missing_lines": 0, "excluded_lines": 0}, "missing_lines": [], "excluded_lines": []}, "TestLLMEnrichmentFlags.test_skip_llm_enrichment_constructor_param": {"executed_lines": [530, 531, 533, 535, 536], "summary": {"covered_lines": 5, "num_statements": 5, "percent_covered": 100.0, "percent_covered_display": "100", "missing_lines": 0, "excluded_lines": 0}, "missing_lines": [], "excluded_lines": []}, "TestLLMEnrichmentFlags.test_always_do_llm_enrichment_constructor_param": {"executed_lines": [539, 540, 542, 544, 545], "summary": {"covered_lines": 5, "num_statements": 5, "percent_covered": 100.0, "percent_covered_display": "100", "missing_lines": 0, "excluded_lines": 0}, "missing_lines": [], "excluded_lines": []}, "TestLLMEnrichmentFlags.test_skip_llm_enrichment_env_var": {"executed_lines": [549, 550, 552, 554], "summary": {"covered_lines": 4, "num_statements": 4, "percent_covered": 100.0, "percent_covered_display": "100", "missing_lines": 0, "excluded_lines": 0}, "missing_lines": [], "excluded_lines": []}, "TestLLMEnrichmentFlags.test_always_do_llm_enrichment_env_var": {"executed_lines": [558, 559, 561, 563], "summary": {"covered_lines": 4, "num_statements": 4, "percent_covered": 100.0, "percent_covered_display": "100", "missing_lines": 0, "excluded_lines": 0}, "missing_lines": [], "excluded_lines": []}, "TestLLMEnrichmentFlags.test_env_var_overrides_constructor_param": {"executed_lines": [567, 568, 570, 572], "summary": {"covered_lines": 4, "num_statements": 4, "percent_covered": 100.0, "percent_covered_display": "100", "missing_lines": 0, "excluded_lines": 0}, "missing_lines": [], "excluded_lines": []}, "TestLLMEnrichmentFlags.test_skip_llm_enrichment_env_var_false": {"executed_lines": [576, 577, 579, 581], "summary": {"covered_lines": 4, "num_statements": 4, "percent_covered": 100.0, "percent_covered_display": "100", "missing_lines": 0, "excluded_lines": 0}, "missing_lines": [], "excluded_lines": []}, "TestCacheTimestamp.setUp": {"executed_lines": [585, 586, 587, 588], "summary": {"covered_lines": 4, "num_statements": 4, "percent_covered": 100.0, "percent_covered_display": "100", "missing_lines": 0, "excluded_lines": 0}, "missing_lines": [], "excluded_lines": []}, "TestCacheTimestamp.test_file_not_in_cache_gets_queued": {"executed_lines": [593, 594, 595, 598, 601, 602, 603], "summary": {"covered_lines": 7, "num_statements": 7, "percent_covered": 100.0, "percent_covered_display": "100", "missing_lines": 0, "excluded_lines": 0}, "missing_lines": [], "excluded_lines": []}, "TestCacheTimestamp.test_recently_cached_file_skipped": {"executed_lines": [608, 609, 612, 613, 616, 619], "summary": {"covered_lines": 6, "num_statements": 6, "percent_covered": 100.0, "percent_covered_display": "100", "missing_lines": 0, "excluded_lines": 0}, "missing_lines": [], "excluded_lines": []}, "TestCacheTimestamp.test_old_cached_file_gets_requeued": {"executed_lines": [624, 625, 626, 629, 630, 633, 636, 637, 638], "summary": {"covered_lines": 9, "num_statements": 9, "percent_covered": 100.0, "percent_covered_display": "100", "missing_lines": 0, "excluded_lines": 0}, "missing_lines": [], "excluded_lines": []}, "TestCacheTimestamp.test_cache_updated_when_file_queued": {"executed_lines": [643, 644, 645, 648, 651], "summary": {"covered_lines": 5, "num_statements": 5, "percent_covered": 100.0, "percent_covered_display": "100", "missing_lines": 0, "excluded_lines": 0}, "missing_lines": [], "excluded_lines": []}, "TestCacheTimestamp.test_cache_respects_reindexing_interval": {"executed_lines": [656, 657, 658, 661, 662, 665, 666, 669, 672], "summary": {"covered_lines": 9, "num_statements": 9, "percent_covered": 100.0, "percent_covered_display": "100", "missing_lines": 0, "excluded_lines": 0}, "missing_lines": [], "excluded_lines": []}, "TestBatchedFutureProcessing.test_max_pending_futures_respected": {"executed_lines": [679, 680, 681, 684, 685, 687, 692, 695, 701, 704, 705, 707, 711, 714, 718, 721], "summary": {"covered_lines": 16, "num_statements": 16, "percent_covered": 100.0, "percent_covered_display": "100", "missing_lines": 0, "excluded_lines": 0}, "missing_lines": [], "excluded_lines": []}, "TestBatchedFutureProcessing.test_max_pending_futures_respected.slow_process_file": {"executed_lines": [688, 690], "summary": {"covered_lines": 2, "num_statements": 2, "percent_covered": 100.0, "percent_covered_display": "100", "missing_lines": 0, "excluded_lines": 0}, "missing_lines": [], "excluded_lines": []}, "TestBatchedFutureProcessing.test_max_pending_futures_respected.mock_process_completed": {"executed_lines": [708, 709], "summary": {"covered_lines": 2, "num_statements": 2, "percent_covered": 100.0, "percent_covered_display": "100", "missing_lines": 0, "excluded_lines": 0}, "missing_lines": [], "excluded_lines": []}, "TestBatchedFutureProcessing.test_process_completed_futures": {"executed_lines": [729, 730, 731, 734, 735, 736, 738, 741, 744, 747, 748, 749, 750, 753, 754], "summary": {"covered_lines": 15, "num_statements": 15, "percent_covered": 100.0, "percent_covered_display": "100", "missing_lines": 0, "excluded_lines": 0}, "missing_lines": [], "excluded_lines": []}, "TestBatchedFutureProcessing.test_exception_in_worker_thread": {"executed_lines": [760, 761, 762, 763, 764, 767, 771, 774, 779, 783, 784], "summary": {"covered_lines": 11, "num_statements": 11, "percent_covered": 100.0, "percent_covered_display": "100", "missing_lines": 0, "excluded_lines": 0}, "missing_lines": [], "excluded_lines": []}, "TestBatchedFutureProcessing.test_exception_in_worker_thread.failing_process_file": {"executed_lines": [768, 769], "summary": {"covered_lines": 2, "num_statements": 2, "percent_covered": 100.0, "percent_covered_display": "100", "missing_lines": 0, "excluded_lines": 0}, "missing_lines": [], "excluded_lines": []}, "TestBatchedFutureProcessing.test_all_files_eventually_processed": {"executed_lines": [790, 791, 792, 795, 796, 799, 802, 808, 811, 812], "summary": {"covered_lines": 10, "num_statements": 10, "percent_covered": 100.0, "percent_covered_display": "100", "missing_lines": 0, "excluded_lines": 0}, "missing_lines": [], "excluded_lines": []}, "TestBatchedFutureProcessing.test_all_files_eventually_processed.track_process": {"executed_lines": [797], "summary": {"covered_lines": 1, "num_statements": 1, "percent_covered": 100.0, "percent_covered_display": "100", "missing_lines": 0, "excluded_lines": 0}, "missing_lines": [], "excluded_lines": []}, "": {"executed_lines": [1, 2, 3, 4, 6, 7, 14, 27, 40, 54, 55, 56, 57, 58, 76, 77, 78, 92, 93, 94, 103, 104, 105, 106, 107, 111, 130, 131, 132, 136, 151, 152, 153, 167, 168, 169, 178, 179, 180, 192, 193, 211, 212, 230, 241, 242, 243, 244, 245, 246, 271, 272, 273, 274, 295, 296, 297, 298, 317, 318, 319, 320, 345, 346, 347, 348, 362, 363, 380, 396, 417, 438, 460, 461, 468, 477, 486, 494, 503, 511, 519, 520, 529, 538, 547, 548, 556, 557, 565, 566, 574, 575, 583, 584, 590, 591, 605, 606, 621, 622, 640, 641, 653, 654, 674, 675, 676, 677, 724, 725, 726, 727, 756, 757, 758, 786, 787, 788, 814], "summary": {"covered_lines": 119, "num_statements": 120, "percent_covered": 99.16666666666667, "percent_covered_display": "99", "missing_lines": 1, "excluded_lines": 0}, "missing_lines": [815], "excluded_lines": []}}, "classes": {"TestFileFinderInitialization": {"executed_lines": [15, 16, 17, 19, 21, 22, 23, 24, 25, 28, 29, 31, 32, 34, 35, 36, 37, 38, 41, 42, 43, 45, 47, 48, 49, 50, 51, 52], "summary": {"covered_lines": 28, "num_statements": 28, "percent_covered": 100.0, "percent_covered_display": "100", "missing_lines": 0, "excluded_lines": 0}, "missing_lines": [], "excluded_lines": []}, "TestSparseCheckoutRepo": {"executed_lines": [249, 250, 251, 253, 255, 256, 265, 277, 278, 279, 281, 284, 288, 289, 301, 302, 303, 304, 306, 308, 313, 314, 315, 323, 324, 325, 326, 328, 330, 342, 343, 351, 352, 353, 355, 357, 358, 359, 360], "summary": {"covered_lines": 39, "num_statements": 39, "percent_covered": 100.0, "percent_covered_display": "100", "missing_lines": 0, "excluded_lines": 0}, "missing_lines": [], "excluded_lines": []}, "TestWalkAndQueue": {"executed_lines": [112, 113, 114, 115, 116, 117, 119, 124, 125, 126, 128, 137, 138, 139, 141, 143, 147, 149, 154, 155, 156, 158, 163, 165, 170, 171, 172, 174, 176], "summary": {"covered_lines": 29, "num_statements": 29, "percent_covered": 100.0, "percent_covered_display": "100", "missing_lines": 0, "excluded_lines": 0}, "missing_lines": [], "excluded_lines": []}, "TestCheckAndQueueFile": {"executed_lines": [181, 182, 183, 184, 186, 187, 188, 190, 194, 195, 196, 197, 198, 200, 201, 203, 204, 205, 207, 209, 213, 214,
[...]
ng_lines": 0, "excluded_lines": 0}, "missing_lines": [], "excluded_lines": []}, "test_get_documents_from_file_website": {"executed_lines": [568, 569, 572, 573, 574, 575, 589, 592, 593, 596, 597, 600, 603, 604, 605, 606, 607, 608, 609, 610, 611], "summary": {"covered_lines": 21, "num_statements": 21, "percent_covered": 100.0, "percent_covered_display": "100", "missing_lines": 0, "excluded_lines": 0}, "missing_lines": [], "excluded_lines": []}, "test_edge_case_non_json_mailing_list": {"executed_lines": [614, 615, 618, 619, 620, 621, 624, 627, 630, 631], "summary": {"covered_lines": 10, "num_statements": 10, "percent_covered": 100.0, "percent_covered_display": "100", "missing_lines": 0, "excluded_lines": 0}, "missing_lines": [], "excluded_lines": []}, "test_unicode_mailing_list_json": {"executed_lines": [635, 636, 639, 642, 643, 644, 645, 646, 649, 652, 653, 654, 655, 658, 659, 660, 661, 664, 665, 668, 671, 672, 673, 674, 675, 676, 677, 678], "summary": {"covered_lines": 28, "num_statements": 28, "percent_covered": 100.0, "percent_covered_display": "100", "missing_lines": 0, "excluded_lines": 0}, "missing_lines": [], "excluded_lines": []}, "test_unicode_mailing_list_json_2": {"executed_lines": [682, 683, 686, 689, 690, 691, 692, 693, 696, 699, 700, 701, 702, 705, 706, 707, 708, 709, 712, 713, 716, 719, 720, 721, 722, 723, 724, 725, 726, 727], "summary": {"covered_lines": 30, "num_statements": 30, "percent_covered": 100.0, "percent_covered_display": "100", "missing_lines": 0, "excluded_lines": 0}, "missing_lines": [], "excluded_lines": []}, "test_process_text_file_with_unicode_mailing_list": {"executed_lines": [734, 735, 739, 740, 741, 742, 745, 746, 747, 748, 749, 750, 753, 756, 775, 778, 786, 787, 789, 792, 793, 794, 795, 796, 797, 798, 801, 802, 803, 804, 805, 808, 809, 812, 813, 814, 817], "summary": {"covered_lines": 37, "num_statements": 37, "percent_covered": 100.0, "percent_covered_display": "100", "missing_lines": 0, "excluded_lines": 0}, "missing_lines": [], "excluded_lines": []}, "test_process_text_file_with_unicode_mailing_list.mock_get_chunks_and_embeddings": {"executed_lines": [757, 774], "summary": {"covered_lines": 2, "num_statements": 2, "percent_covered": 100.0, "percent_covered_display": "100", "missing_lines": 0, "excluded_lines": 0}, "missing_lines": [], "excluded_lines": []}, "": {"executed_lines": [1, 2, 3, 4, 5, 6, 7, 8, 9, 11, 45, 165, 170, 218, 293, 294, 299, 302, 305, 308, 309, 320, 326, 329, 337, 338, 339, 340, 347, 348, 353, 388, 402, 421, 445, 466, 511, 535, 567, 613, 633, 680, 729], "summary": {"covered_lines": 43, "num_statements": 43, "percent_covered": 100.0, "percent_covered_display": "100", "missing_lines": 0, "excluded_lines": 0}, "missing_lines": [], "excluded_lines": []}}, "classes": {"DummyArchiveHandler": {"executed_lines": [295, 296, 297, 300, 303, 306], "summary": {"covered_lines": 6, "num_statements": 6, "percent_covered": 100.0, "percent_covered_display": "100", "missing_lines": 0, "excluded_lines": 0}, "missing_lines": [], "excluded_lines": []}, "DummyOpenAIManager": {"executed_lines": [310, 327, 331], "summary": {"covered_lines": 3, "num_statements": 6, "percent_covered": 50.0, "percent_covered_display": "50", "missing_lines": 3, "excluded_lines": 0}, "missing_lines": [322, 323, 324], "excluded_lines": []}, "DummyOpenAIManager.get_openai_embedding_client.DummyEmbedder": {"executed_lines": [], "summary": {"covered_lines": 0, "num_statements": 0, "percent_covered": 100.0, "percent_covered_display": "100", "missing_lines": 0, "excluded_lines": 0}, "missing_lines": [], "excluded_lines": []}, "": {"executed_lines": [1, 2, 3, 4, 5, 6, 7, 8, 9, 11, 45, 165, 170, 218, 293, 294, 299, 302, 305, 308, 309, 320, 326, 329, 337, 338, 339, 340, 342, 345, 347, 348, 349, 350, 351, 353, 354, 355, 357, 358, 359, 360, 361, 362, 363, 364, 366, 369, 370, 373, 374, 378, 379, 380, 381, 382, 383, 386, 388, 389, 390, 392, 394, 395, 396, 397, 399, 400, 402, 403, 404, 406, 407, 408, 409, 410, 412, 414, 415, 416, 418, 419, 421, 422, 423, 425, 426, 427, 428, 429, 430, 432, 435, 436, 438, 442, 443, 445, 446, 447, 449, 450, 451, 452, 453, 454, 456, 458, 459, 460, 463, 464, 466, 467, 468, 471, 472, 483, 484, 487, 488, 489, 490, 491, 493, 495, 503, 504, 505, 506, 509, 511, 512, 513, 516, 519, 520, 521, 522, 523, 526, 529, 530, 531, 532, 533, 535, 536, 537, 540, 543, 544, 545, 546, 549, 550, 553, 556, 559, 560, 561, 562, 563, 564, 565, 567, 568, 569, 572, 573, 574, 575, 589, 592, 593, 596, 597, 600, 603, 604, 605, 606, 607, 608, 609, 610, 611, 613, 614, 615, 618, 619, 620, 621, 624, 627, 630, 631, 633, 635, 636, 639, 642, 643, 644, 645, 646, 649, 652, 653, 654, 655, 658, 659, 660, 661, 664, 665, 668, 671, 672, 673, 674, 675, 676, 677, 678, 680, 682, 683, 686, 689, 690, 691, 692, 693, 696, 699, 700, 701, 702, 705, 706, 707, 708, 709, 712, 713, 716, 719, 720, 721, 722, 723, 724, 725, 726, 727, 729, 734, 735, 739, 740, 741, 742, 745, 746, 747, 748, 749, 750, 753, 756, 757, 774, 775, 778, 786, 787, 789, 792, 793, 794, 795, 796, 797, 798, 801, 802, 803, 804, 805, 808, 809, 812, 813, 814, 817], "summary": {"covered_lines": 298, "num_statements": 299, "percent_covered": 99.66555183946488, "percent_covered_display": "99", "missing_lines": 1, "excluded_lines": 0}, "missing_lines": [344], "excluded_lines": []}}}, "elastic-indexer-stack\\indexer\\src\\indexer\\test\\test_text_handler_exceptions.py": {"executed_lines": [1, 2, 3, 4, 5, 6, 7, 10, 11, 12, 13, 14, 16, 17, 19, 20, 22, 23, 25, 26, 28, 33, 34, 44, 45, 46, 47, 48, 50, 51, 52, 53, 59, 61, 62, 63, 64, 65, 67, 69, 70, 71, 73, 75, 76, 77, 78, 79, 81, 83, 84, 86, 88, 89, 90, 91, 94, 95, 96, 98, 99, 106, 108, 109, 110, 112, 114, 115, 116, 118, 119, 121, 123, 124, 125, 128, 129, 130, 132, 135, 137, 139, 140, 141, 148, 150, 151, 152, 153, 154, 156, 157, 159, 161, 162, 163, 164, 165, 167, 168, 170, 172, 173, 174, 175, 176, 178, 179, 181, 183, 184, 185, 186, 187, 189, 190, 192, 194, 196, 204, 205, 206, 207, 209, 211, 213, 215, 216, 217, 219, 221, 223, 225, 226, 227, 228, 230, 231, 232, 234, 236, 237], "summary": {"covered_lines": 142, "num_statements": 142, "percent_covered": 100.0, "percent_covered_display": "100", "missing_lines": 0, "excluded_lines": 0}, "missing_lines": [], "excluded_lines": [], "functions": {"DummyArchiveHandler.__init__": {"executed_lines": [12, 13, 14], "summary": {"covered_lines": 3, "num_statements": 3, "percent_covered": 100.0, "percent_covered_display": "100", "missing_lines": 0, "excluded_lines": 0}, "missing_lines": [], "excluded_lines": []}, "DummyArchiveHandler._convert_to_archive_url": {"executed_lines": [17], "summary": {"covered_lines": 1, "num_statements": 1, "percent_covered": 100.0, "percent_covered_display": "100", "missing_lines": 0, "excluded_lines": 0}, "missing_lines": [], "excluded_lines": []}, "DummyArchiveHandler._strip_index_html_from_url": {"executed_lines": [20], "summary": {"covered_lines": 1, "num_statements": 1, "percent_covered": 100.0, "percent_covered_display": "100", "missing_lines": 0, "excluded_lines": 0}, "missing_lines": [], "excluded_lines": []}, "DummyArchiveHandler._resolve_thumbnail_url": {"executed_lines": [23], "summary": {"covered_lines": 1, "num_statements": 1, "percent_covered": 100.0, "percent_covered_display": "100", "missing_lines": 0, "excluded_lines": 0}, "missing_lines": [], "excluded_lines": []}, "DummyOpenAIManager.get_chunks_and_embeddings": {"executed_lines": [28], "summary": {"covered_lines": 1, "num_statements": 1, "percent_covered": 100.0, "percent_covered_display": "100", "missing_lines": 0, "excluded_lines": 0}, "missing_lines": [], "excluded_lines": []}, "DummyOpenAIManager.call_openai_api_text": {"executed_lines": [34], "summary": {"covered_lines": 1, "num_statements": 1, "percent_covered": 100.0, "percent_covered_display": "100", "missing_lines": 0, "excluded_lines": 0}, "missing_lines": [], "excluded_lines": []}, "dummy_dependencies": {"executed_lines": [46, 47, 48], "summary": {"covered_lines": 3, "num_statements": 3, "percent_covered": 100.0, "percent_covered_display": "100", "missing_lines": 0, "excluded_lines": 0}, "missing_lines": [], "excluded_lines": []}, "text_handler": {"executed_lines": [52, 53], "summary": {"covered_lines": 2, "num_statements": 2, "percent_covered": 100.0, "percent_covered_display": "100", "missing_lines": 0, "excluded_lines": 0}, "missing_lines": [], "excluded_lines": []}, "test_preprocess_website_file_utf8": {"executed_lines": [61, 62, 63, 64, 65, 67, 69, 70, 71], "summary": {"covered_lines": 9, "num_statements": 9, "percent_covered": 100.0, "percent_covered_display": "100", "missing_lines": 0, "excluded_lines": 0}, "missing_lines": [], "excluded_lines": []}, "test_preprocess_website_file_cp1252": {"executed_lines": [75, 76, 77, 78, 79, 81, 83, 84], "summary": {"covered_lines": 8, "num_statements": 8, "percent_covered": 100.0, "percent_covered_display": "100", "missing_lines": 0, "excluded_lines": 0}, "missing_lines": [], "excluded_lines": []}, "test_preprocess_website_file_decode_failure": {"executed_lines": [88, 89, 90, 91, 94, 96, 98, 99], "summary": {"covered_lines": 8, "num_statements": 8, "percent_covered": 100.0, "percent_covered_display": "100", "missing_lines": 0, "excluded_lines": 0}, "missing_lines": [], "excluded_lines": []}, "test_preprocess_website_file_decode_failure.fake_open": {"executed_lines": [95], "summary": {"covered_lines": 1, "num_statements": 1, "percent_covered": 100.0, "percent_covered_display": "100", "missing_lines": 0, "excluded_lines": 0}, "missing_lines": [], "excluded_lines": []}, "test_process_text_file_default": {"executed_lines": [108, 109, 110, 112, 114, 115, 116, 118, 119], "summary": {"covered_lines": 9, "num_statements": 9, "percent_covered": 100.0, "percent_covered_display": "100", "missing_lines": 0, "excluded_lines": 0}, "missing_lines": [], "excluded_lines": []}, "test_process_text_file_llm_exception": {"executed_lines": [123, 124, 125, 128, 130, 132, 135], "summary": {"covered_lines": 7, "num_statements": 7, "percent_covered": 100.0, "percent_covered_display": "100", "missing_lines": 0, "excluded_lines": 0}, "missing_lines": [], "excluded_lines": []}, "test_process_text_file_llm_exception.fake_call_openai_api_text": {"executed_lines": [129], "summary": {"covered_lines": 1, "num_statements": 1, "percent_covered": 100.0, "percent_covered_display": "100", "missing_lines": 0, "excluded_lines": 0}, "missing_lines": [], "excluded_lines": []}, "test_process_text_file_nonexistent_file": {"executed_lines": [139, 140, 141], "summary": {"covered_lines": 3, "num_statements": 3, "percent_covered": 100.0, "percent_covered_display": "100", "missing_lines": 0, "excluded_lines": 0}, "missing_lines": [], "excluded_lines": []}, "test_resolve_title_website_with_title": {"executed_lines": [150, 151, 152, 153, 154, 156, 157], "summary": {"covered_lines": 7, "num_statements": 7, "percent_covered": 100.0, "percent_covered_display": "100", "missing_lines": 0, "excluded_lines": 0}, "missing_lines": [], "excluded_lines": []}, "test_resolve_title_website_without_title": {"executed_lines": [161, 162, 163, 164, 165, 167, 168], "summary": {"covered_lines": 7, "num_statements": 7, "percent_covered": 100.0, "percent_covered_display": "100", "missing_lines": 0, "excluded_lines": 0}, "missing_lines": [], "excluded_lines": []}, "test_resolve_title_newsgroup": {"executed_lines": [172, 173, 174, 175, 176, 178, 179], "summary": {"covered_lines": 7, "num_statements": 7, "percent_covered": 100.0, "percent_covered_display": "100", "missing_lines": 0, "excluded_lines": 0}, "missing_lines": [], "excluded_lines": []}, "test_resolve_title_newsgroup_missing_subject": {"executed_lines": [183, 184, 185, 186, 187, 189, 190, 192], "summary": {"covered_lines": 8, "num_statements": 8, "percent_covered": 100.0, "percent_covered_display": "100", "missing_lines": 0, "excluded_lines": 0}, "missing_lines": [], "excluded_lines": []}, "test_resolve_title_mailing_list": {"executed_lines": [196, 204, 205, 206, 207, 209, 211], "summary": {"covered_lines": 7, "num_statements": 7, "percent_covered": 100.0, "percent_covered_display": "100", "missing_lines": 0, "excluded_lines": 0}, "missing_lines": [], "excluded_lines": []}, "test_resolve_title_default": {"executed_lines": [215, 216, 217, 219, 221], "summary": {"covered_lines": 5, "num_statements": 5, "percent_covered": 100.0, "percent_covered_display": "100", "missing_lines": 0, "excluded_lines": 0}, "missing_lines": [], "excluded_lines": []}, "test_resolve_title_website_decode_failure": {"executed_lines": [225, 226, 227, 228, 230, 232, 234, 236, 237], "summary": {"covered_lines": 9, "num_statements": 9, "percent_covered": 100.0, "percent_covered_display": "100", "missing_lines": 0, "excluded_lines": 0}, "missing_lines": [], "excluded_lines": []}, "test_resolve_title_website_decode_failure.fake_open": {"executed_lines": [231], "summary": {"covered_lines": 1, "num_statements": 1, "percent_covered": 100.0, "percent_covered_display": "100", "missing_lines": 0, "excluded_lines": 0}, "missing_lines": [], "excluded_lines": []}, "": {"executed_lines": [1, 2, 3, 4, 5, 6, 7, 10, 11, 16, 19, 22, 25, 26, 33, 44, 45, 50, 51, 59, 73, 86, 106, 121, 137, 148, 159, 170, 181, 194, 213, 223], "summary": {"covered_lines": 32, "num_statements": 32, "percent_covered": 100.0, "percent_covered_display": "100", "missing_lines": 0, "excluded_lines": 0}, "missing_lines": [], "excluded_lines": []}}, "classes": {"DummyArchiveHandler": {"executed_lines": [12, 13, 14, 17, 20, 23], "summary": {"covered_lines": 6, "num_statements": 6, "percent_covered": 100.0, "percent_covered_display": "100", "missing_lines": 0, "excluded_lines": 0}, "missing_lines": [], "excluded_lines": []}, "DummyOpenAIManager": {"executed_lines": [28, 34], "summary": {"covered_lines": 2, "num_statements": 2, "percent_covered": 100.0, "percent_covered_display": "100", "missing_lines": 0, "excluded_lines": 0}, "missing_lines": [], "excluded_lines": []}, "": {"executed_lines": [1, 2, 3, 4, 5, 6, 7, 10, 11, 16, 19, 22, 25, 26, 33, 44, 45, 46, 47, 48, 50, 51, 52, 53, 59, 61, 62, 63, 64, 65, 67, 69, 70, 71, 73, 75, 76, 77, 78, 79, 81, 83, 84, 86, 88, 89, 90, 91, 94, 95, 96, 98, 99, 106, 108, 109, 110, 112, 114, 115, 116, 118, 119, 121, 123, 124, 125, 128, 129, 130, 132, 135, 137, 139, 140, 141, 148, 150, 151, 152, 153, 154, 156, 157, 159, 161, 162, 163, 164, 165, 167, 168, 170, 172, 173, 174, 175, 176, 178, 179, 181, 183, 184, 185, 186, 187, 189, 190, 192, 194, 196, 204, 205, 206, 207, 209, 211, 213, 215, 216, 217, 219, 221, 223, 225, 226, 227, 228, 230, 231, 232, 234, 236, 237], "summary": {"covered_lines": 134, "num_statements": 134, "percent_covered": 100.0, "percent_covered_display": "100", "missing_lines": 0, "excluded_lines": 0}, "missing_lines": [], "excluded_lines": []}}}, "elastic-indexer-stack\\indexer\\src\\indexer\\text_handler.py": {"executed_lines": [1, 2, 3, 4, 5, 6, 7, 8, 9, 11, 12, 13, 15, 16, 18, 19, 20, 21, 22, 25, 27, 29, 30, 31, 33, 36, 37, 38, 39, 41, 44, 48, 49, 50, 52, 55, 56, 58, 59, 60, 62, 63, 64, 65, 66, 67, 68, 70, 71, 73, 76, 96, 97, 98, 99, 100, 101, 103, 107, 109, 110, 111, 112, 113, 114, 116, 117, 118, 119, 121, 122, 124, 125, 126, 129, 130, 132, 135, 136, 137, 138, 139, 142, 150, 151, 153, 154, 155, 157, 159, 160, 161, 163, 165, 166, 168, 169, 173, 175, 183, 184, 186, 187, 190, 191, 192, 193, 195, 196, 197, 198, 200, 202, 203, 204, 205, 207, 211, 213, 214, 217, 218, 219, 220, 222, 223, 225, 227, 228, 230, 231, 232, 233, 234, 236, 237, 238, 239, 240, 241, 242, 243, 244, 245, 247, 248, 250, 251, 252, 253, 255, 256, 258], "summary": {"covered_lines": 153, "num_statements": 158, "percent_covered": 96.83544303797468, "percent_covered_display": "97", "missing_lines": 5, "excluded_lines": 0}, "missing_lines": [23, 32, 171, 224, 249], "excluded_lines": [], "functions": {"TextHandler.__init__": {"executed_lines": [18, 19, 20, 21, 22], "summary": {"covered_lines": 5, "num_statements": 6, "percent_covered": 83.33333333333333, "percent_covered_display": "83", "missing_lines": 1, "excluded_lines": 0}, "missing_lines": [23], "excluded_lines": []}, "TextHandler.process_text_file": {"executed_lines": [27, 29, 30, 31, 33, 36, 37, 38, 39, 41, 44, 48, 49, 50, 52, 55, 56, 58, 59, 60, 62, 63, 64, 65, 66, 67, 68, 70, 71, 73, 76, 96, 97, 98, 99, 100, 101], "summary": {"covered_lines": 37, "num_statements": 38, "percent_covered": 97.36842105263158, "percent_covered_display": "97", "missing_lines": 1, "excluded_lines": 0}, "missing_lines": [32], "excluded_lines": []}, "TextHandler._get_documents_from_file": {"executed_lines": [107, 109, 110, 111, 112, 113, 114, 116, 117, 118, 119, 121, 122], "summary": {"covered_lines": 13, "num_statements": 13, "percent_covered": 100.0, "percent_covered_display": "100", "missing_lines": 0, "excluded_lines": 0}, "missing_lines": [], "excluded_lines": []}, "TextHandler._preprocess_newsgroup_file": {"executed_lines": [125, 126, 129, 130, 132, 135, 136, 137, 138, 139, 142, 150, 151], "summary": {"covered_lines": 13, "num_statements": 13, "percent_covered": 100.0, "percent_covered_display": "100", "missing_lines": 0, "excluded_lines": 0}, "missing_lines": [], "excluded_lines": []}, "TextHandler._preprocess_mailing_list_file": {"executed_lines": [154, 155, 157, 159, 160, 161, 163, 165, 166, 168, 169, 173, 175, 183, 184], "summary": {"covered_lines": 15, "num_statements": 16, "percent_covered": 93.75, "percent_covered_display": "94", "missing_lines": 1, "excluded_lines": 0}, "missing_lines": [171], "excluded_lines": []}, "TextHandler._preprocess_website_file": {"executed_lines": [187, 190, 191, 192, 193, 195, 196, 197, 198, 200, 202, 203, 204, 205], "summary": {"covered_lines": 14, "num_statements": 14, "percent_covered": 100.0, "percent_covered_display": "100", "missing_lines": 0, "excluded_lines": 0}, "missing_lines": [], "excluded_lines": []}, "TextHandler._resolve_title_from_file": {"executed_lines": [211, 213, 214, 217, 218, 219, 220, 222, 223, 225, 227, 228, 230, 231, 232, 233, 234, 236, 237, 238, 239, 240, 241, 242, 243, 244, 245, 247, 248, 250, 251, 252, 253, 255, 256, 258], "summary": {"covered_lines": 36, "num_statements": 38, "percent_covered": 94.73684210526316, "percent_covered_display": "95", "missing_lines": 2, "excluded_lines": 0}, "missing_lines": [224, 249], "excluded_lines": []}, "": {"executed_lines": [1, 2, 3, 4, 5, 6, 7, 8, 9, 11, 12, 13, 15, 16, 25, 103, 124, 153, 186, 207], "summary": {"covered_lines": 20, "num_statements": 20, "percent_covered": 100.0, "percent_covered_display": "100", "missing_lines": 0, "excluded_lines": 0}, "missing_lines": [], "excluded_lines": []}}, "classes": {"TextHandler": {"executed_lines": [18, 19, 20, 21, 22, 27, 29, 30, 31, 33, 36, 37, 38, 39, 41, 44, 48, 49, 50, 52, 55, 56, 58, 59, 60, 62, 63, 64, 65, 66, 67, 68, 70, 71, 73, 76, 96, 97, 98, 99, 100, 101, 107, 109, 110, 111, 112, 113, 114, 116, 117, 118, 119, 121, 122, 125, 126, 129, 130, 132, 135, 136, 137, 138, 139, 142, 150, 151, 154, 155, 157, 159, 160, 161, 163, 165, 166, 168, 169, 173, 175, 183, 184, 187, 190, 191, 192, 193, 195, 196, 197, 198, 200, 202, 203, 204, 205, 211, 213, 214, 217, 218, 219, 220, 222, 223, 225, 227, 228, 230, 231, 232, 233, 234, 236, 237, 238, 239, 240, 241, 242, 243, 244, 245, 247, 248, 250, 251, 252, 253, 255, 256, 258], "summary": {"covered_lines": 133, "num_statements": 138, "percent_covered": 96.3768115942029, "percent_covered_display": "96", "missing_lines": 5, "excluded_lines": 0}, "missing_lines": [23, 32, 171, 224, 249], "excluded_lines": []}, "": {"executed_lines": [1, 2, 3, 4, 5, 6, 7, 8, 9, 11, 12, 13, 15, 16, 25, 103, 124, 153, 186, 207], "summary": {"covered_lines": 20, "num_statements": 20, "percent_covered": 100.0, "percent_covered_display": "100", "missing_lines": 0, "excluded_lines": 0}, "missing_lines": [], "excluded_lines": []}}}}, "totals": {"covered_lines": 2924, "num_statements": 2992, "percent_covered": 97.72727272727273, "percent_covered_display": "98", "missing_lines": 68, "excluded_lines": 0}}