{"meta": {"format": 3, "version": "7.6.12", "timestamp": "2025-03-18T18:18:23.398966", "branch_coverage": false, "show_contexts": false}, "files": {"elastic-indexer-stack\\indexer\\src\\indexer\\__init__.py": {"executed_lines": [0], "summary": {"covered_lines": 0, "num_statements": 0, "percent_covered": 100.0, "percent_covered_display": "100", "missing_lines": 0, "excluded_lines": 0}, "missing_lines": [], "excluded_lines": [], "functions": {"": {"executed_lines": [], "summary": {"covered_lines": 0, "num_statements": 0, "percent_covered": 100.0, "percent_covered_display": "100", "missing_lines": 0, "excluded_lines": 0}, "missing_lines": [], "excluded_lines": []}}, "classes": {"": {"executed_lines": [], "summary": {"covered_lines": 0, "num_statements": 0, "percent_covered": 100.0, "percent_covered_display": "100", "missing_lines": 0, "excluded_lines": 0}, "missing_lines": [], "excluded_lines": []}}}, "elastic-indexer-stack\\indexer\\src\\indexer\\archive_handler.py": {"executed_lines": [1, 2, 3, 5, 6, 13, 18, 62, 74, 77, 80, 83, 94, 109, 126], "summary": {"covered_lines": 15, "num_statements": 124, "percent_covered": 12.096774193548388, "percent_covered_display": "12", "missing_lines": 109, "excluded_lines": 0}, "missing_lines": [8, 9, 10, 11, 14, 15, 16, 19, 20, 21, 22, 32, 33, 34, 35, 36, 37, 38, 39, 40, 41, 42, 43, 44, 45, 46, 47, 48, 49, 50, 51, 52, 53, 54, 55, 56, 57, 58, 59, 60, 63, 65, 66, 67, 68, 69, 70, 72, 75, 78, 81, 84, 87, 88, 89, 90, 91, 92, 95, 96, 97, 98, 99, 100, 101, 102, 103, 104, 105, 106, 107, 110, 111, 112, 113, 114, 115, 116, 117, 118, 119, 120, 121, 122, 123, 124, 127, 128, 130, 131, 132, 133, 135, 136, 137, 138, 139, 140, 141, 142, 143, 145, 147, 148, 150, 151, 153, 154, 156], "excluded_lines": [], "functions": {"ArchiveHandler.__init__": {"executed_lines": [], "summary": {"covered_lines": 0, "num_statements": 4, "percent_covered": 0.0, "percent_covered_display": "0", "missing_lines": 4, "excluded_lines": 0}, "missing_lines": [8, 9, 10, 11], "excluded_lines": []}, "ArchiveHandler._strip_index_html_from_url": {"executed_lines": [], "summary": {"covered_lines": 0, "num_statements": 3, "percent_covered": 0.0, "percent_covered_display": "0", "missing_lines": 3, "excluded_lines": 0}, "missing_lines": [14, 15, 16], "excluded_lines": []}, "ArchiveHandler._convert_to_archive_url": {"executed_lines": [], "summary": {"covered_lines": 0, "num_statements": 33, "percent_covered": 0.0, "percent_covered_display": "0", "missing_lines": 33, "excluded_lines": 0}, "missing_lines": [19, 20, 21, 22, 32, 33, 34, 35, 36, 37, 38, 39, 40, 41, 42, 43, 44, 45, 46, 47, 48, 49, 50, 51, 52, 53, 54, 55, 56, 57, 58, 59, 60], "excluded_lines": []}, "ArchiveHandler._extract_domain_and_date": {"executed_lines": [], "summary": {"covered_lines": 0, "num_statements": 8, "percent_covered": 0.0, "percent_covered_display": "0", "missing_lines": 8, "excluded_lines": 0}, "missing_lines": [63, 65, 66, 67, 68, 69, 70, 72], "excluded_lines": []}, "ArchiveHandler._is_websites": {"executed_lines": [], "summary": {"covered_lines": 0, "num_statements": 1, "percent_covered": 0.0, "percent_covered_display": "0", "missing_lines": 1, "excluded_lines": 0}, "missing_lines": [75], "excluded_lines": []}, "ArchiveHandler._is_newsgroups": {"executed_lines": [], "summary": {"covered_lines": 0, "num_statements": 1, "percent_covered": 0.0, "percent_covered_display": "0", "missing_lines": 1, "excluded_lines": 0}, "missing_lines": [78], "excluded_lines": []}, "ArchiveHandler._is_mailing_lists": {"executed_lines": [], "summary": {"covered_lines": 0, "num_statements": 1, "percent_covered": 0.0, "percent_covered_display": "0", "missing_lines": 1, "excluded_lines": 0}, "missing_lines": [81], "excluded_lines": []}, "ArchiveHandler._extract_websites": {"executed_lines": [], "summary": {"covered_lines": 0, "num_statements": 7, "percent_covered": 0.0, "percent_covered_display": "0", "missing_lines": 7, "excluded_lines": 0}, "missing_lines": [84, 87, 88, 89, 90, 91, 92], "excluded_lines": []}, "ArchiveHandler._extract_newsgroups": {"executed_lines": [], "summary": {"covered_lines": 0, "num_statements": 13, "percent_covered": 0.0, "percent_covered_display": "0", "missing_lines": 13, "excluded_lines": 0}, "missing_lines": [95, 96, 97, 98, 99, 100, 101, 102, 103, 104, 105, 106, 107], "excluded_lines": []}, "ArchiveHandler._extract_mailing_lists": {"executed_lines": [], "summary": {"covered_lines": 0, "num_statements": 15, "percent_covered": 0.0, "percent_covered_display": "0", "missing_lines": 15, "excluded_lines": 0}, "missing_lines": [110, 111, 112, 113, 114, 115, 116, 117, 118, 119, 120, 121, 122, 123, 124], "excluded_lines": []}, "ArchiveHandler._resolve_thumbnail_url": {"executed_lines": [], "summary": {"covered_lines": 0, "num_statements": 23, "percent_covered": 0.0, "percent_covered_display": "0", "missing_lines": 23, "excluded_lines": 0}, "missing_lines": [127, 128, 130, 131, 132, 133, 135, 136, 137, 138, 139, 140, 141, 142, 143, 145, 147, 148, 150, 151, 153, 154, 156], "excluded_lines": []}, "": {"executed_lines": [1, 2, 3, 5, 6, 13, 18, 62, 74, 77, 80, 83, 94, 109, 126], "summary": {"covered_lines": 15, "num_statements": 15, "percent_covered": 100.0, "percent_covered_display": "100", "missing_lines": 0, "excluded_lines": 0}, "missing_lines": [], "excluded_lines": []}}, "classes": {"ArchiveHandler": {"executed_lines": [], "summary": {"covered_lines": 0, "num_statements": 109, "percent_covered": 0.0, "percent_covered_display": "0", "missing_lines": 109, "excluded_lines": 0}, "missing_lines": [8, 9, 10, 11, 14, 15, 16, 19, 20, 21, 22, 32, 33, 34, 35, 36, 37, 38, 39, 40, 41, 42, 43, 44, 45, 46, 47, 48, 49, 50, 51, 52, 53, 54, 55, 56, 57, 58, 59, 60, 63, 65, 66, 67, 68, 69, 70, 72, 75, 78, 81, 84, 87, 88, 89, 90, 91, 92, 95, 96, 97, 98, 99, 100, 101, 102, 103, 104, 105, 106, 107, 110, 111, 112, 113, 114, 115, 116, 117, 118, 119, 120, 121, 122, 123, 124, 127, 128, 130, 131, 132, 133, 135, 136, 137, 138, 139, 140, 141, 142, 143, 145, 147, 148, 150, 151, 153, 154, 156], "excluded_lines": []}, "": {"executed_lines": [1, 2, 3, 5, 6, 13, 18, 62, 74, 77, 80, 83, 94, 109, 126], "summary": {"covered_lines": 15, "num_statements": 15, "percent_covered": 100.0, "percent_covered_display": "100", "missing_lines": 0, "excluded_lines": 0}, "missing_lines": [], "excluded_lines": []}}}, "elastic-indexer-stack\\indexer\\src\\indexer\\es_manager.py": {"executed_lines": [3, 4, 5, 6, 9, 130, 131, 132, 134, 171, 197, 208, 227, 238, 247, 256, 265, 285, 286, 288, 289, 292, 293, 294, 297, 298, 300], "summary": {"covered_lines": 27, "num_statements": 112, "percent_covered": 24.107142857142858, "percent_covered_display": "24", "missing_lines": 85, "excluded_lines": 0}, "missing_lines": [150, 151, 153, 154, 155, 156, 157, 158, 159, 160, 162, 163, 164, 165, 166, 167, 168, 169, 172, 173, 174, 175, 177, 179, 189, 190, 191, 192, 193, 194, 195, 198, 199, 200, 201, 202, 203, 204, 205, 206, 209, 210, 212, 223, 224, 225, 228, 229, 230, 231, 232, 233, 235, 236, 239, 240, 241, 242, 243, 244, 245, 248, 249, 250, 251, 252, 253, 254, 257, 258, 259, 260, 261, 262, 263, 269, 270, 271, 278, 279, 280, 281, 282, 283, 290], "excluded_lines": [], "functions": {"ElasticsearchManager.__init__": {"executed_lines": [], "summary": {"covered_lines": 0, "num_statements": 18, "percent_covered": 0.0, "percent_covered_display": "0", "missing_lines": 18, "excluded_lines": 0}, "missing_lines": [150, 151, 153, 154, 155, 156, 157, 158, 159, 160, 162, 163, 164, 165, 166, 167, 168, 169], "excluded_lines": []}, "ElasticsearchManager._create_client": {"executed_lines": [], "summary": {"covered_lines": 0, "num_statements": 13, "percent_covered": 0.0, "percent_covered_display": "0", "missing_lines": 13, "excluded_lines": 0}, "missing_lines": [172, 173, 174, 175, 177, 179, 189, 190, 191, 192, 193, 194, 195], "excluded_lines": []}, "ElasticsearchManager.get_client": {"executed_lines": [], "summary": {"covered_lines": 0, "num_statements": 9, "percent_covered": 0.0, "percent_covered_display": "0", "missing_lines": 9, "excluded_lines": 0}, "missing_lines": [198, 199, 200, 201, 202, 203, 204, 205, 206], "excluded_lines": []}, "ElasticsearchManager._create_index_template": {"executed_lines": [], "summary": {"covered_lines": 0, "num_statements": 6, "percent_covered": 0.0, "percent_covered_display": "0", "missing_lines": 6, "excluded_lines": 0}, "missing_lines": [209, 210, 212, 223, 224, 225], "excluded_lines": []}, "ElasticsearchManager._initialize_es_index": {"executed_lines": [], "summary": {"covered_lines": 0, "num_statements": 8, "percent_covered": 0.0, "percent_covered_display": "0", "missing_lines": 8, "excluded_lines": 0}, "missing_lines": [228, 229, 230, 231, 232, 233, 235, 236], "excluded_lines": []}, "ElasticsearchManager.index_document": {"executed_lines": [], "summary": {"covered_lines": 0, "num_statements": 7, "percent_covered": 0.0, "percent_covered_display": "0", "missing_lines": 7, "excluded_lines": 0}, "missing_lines": [239, 240, 241, 242, 243, 244, 245], "excluded_lines": []}, "ElasticsearchManager.record_exists": {"executed_lines": [], "summary": {"covered_lines": 0, "num_statements": 7, "percent_covered": 0.0, "percent_covered_display": "0", "missing_lines": 7, "excluded_lines": 0}, "missing_lines": [248, 249, 250, 251, 252, 253, 254], "excluded_lines": []}, "ElasticsearchManager.get_document": {"executed_lines": [], "summary": {"covered_lines": 0, "num_statements": 7, "percent_covered": 0.0, "percent_covered_display": "0", "missing_lines": 7, "excluded_lines": 0}, "missing_lines": [257, 258, 259, 260, 261, 262, 263], "excluded_lines": []}, "ElasticsearchManager.chunks_exist": {"executed_lines": [], "summary": {"covered_lines": 0, "num_statements": 9, "percent_covered": 0.0, "percent_covered_display": "0", "missing_lines": 9, "excluded_lines": 0}, "missing_lines": [269, 270, 271, 278, 279, 280, 281, 282, 283], "excluded_lines": []}, "ElasticsearchManager.build_document": {"executed_lines": [288, 289, 292, 293, 294, 297, 298, 300], "summary": {"covered_lines": 8, "num_statements": 9, "percent_covered": 88.88888888888889, "percent_covered_display": "89", "missing_lines": 1, "excluded_lines": 0}, "missing_lines": [290], "excluded_lines": []}, "": {"executed_lines": [3, 4, 5, 6, 9, 130, 131, 132, 134, 171, 197, 208, 227, 238, 247, 256, 265, 285, 286], "summary": {"covered_lines": 19, "num_statements": 19, "percent_covered": 100.0, "percent_covered_display": "100", "missing_lines": 0, "excluded_lines": 0}, "missing_lines": [], "excluded_lines": []}}, "classes": {"ElasticsearchManager": {"executed_lines": [288, 289, 292, 293, 294, 297, 298, 300], "summary": {"covered_lines": 8, "num_statements": 93, "percent_covered": 8.602150537634408, "percent_covered_display": "9", "missing_lines": 85, "excluded_lines": 0}, "missing_lines": [150, 151, 153, 154, 155, 156, 157, 158, 159, 160, 162, 163, 164, 165, 166, 167, 168, 169, 172, 173, 174, 175, 177, 179, 189, 190, 191, 192, 193, 194, 195, 198, 199, 200, 201, 202, 203, 204, 205, 206, 209, 210, 212, 223, 224, 225, 228, 229, 230, 231, 232, 233, 235, 236, 239, 240, 241, 242, 243, 244, 245, 248, 249, 250, 251, 252, 253, 254, 257, 258, 259, 260, 261, 262, 263, 269, 270, 271, 278, 279, 280, 281, 282, 283, 290], "excluded_lines": []}, "": {"executed_lines": [3, 4, 5, 6, 9, 130, 131, 132, 134, 171, 197, 208, 227, 238, 247, 256, 265, 285, 286], "summary": {"covered_lines": 19, "num_statements": 19, "percent_covered": 100.0, "percent_covered_display": "100", "missing_lines": 0, "excluded_lines": 0}, "missing_lines": [], "excluded_lines": []}}}, "elastic-indexer-stack\\indexer\\src\\indexer\\openai_manager.py": {"executed_lines": [1, 2, 3, 4, 5, 6, 7, 8, 9, 10, 11, 12, 14, 15, 17, 55, 71, 86, 89, 97, 106, 152, 203, 209, 243, 248, 253, 270], "summary": {"covered_lines": 28, "num_statements": 150, "percent_covered": 18.666666666666668, "percent_covered_display": "19", "missing_lines": 122, "excluded_lines": 0}, "missing_lines": [23, 24, 25, 26, 27, 28, 29, 30, 31, 32, 33, 34, 37, 38, 50, 51, 52, 53, 56, 57, 58, 59, 60, 61, 62, 63, 65, 66, 67, 68, 69, 73, 74, 75, 76, 77, 78, 79, 81, 82, 83, 84, 87, 91, 92, 93, 94, 95, 99, 100, 101, 102, 103, 104, 109, 110, 129, 130, 150, 155, 157, 159, 160, 162, 164, 166, 167, 170, 171, 172, 174, 180, 182, 183, 185, 186, 187, 189, 201, 204, 205, 206, 207, 211, 212, 215, 219, 223, 226, 228, 231, 233, 237, 238, 239, 240, 241, 245, 250, 255, 256, 257, 258, 259, 260, 261, 262, 263, 264, 265, 266, 267, 268, 272, 273, 274, 275, 276, 279, 280, 281, 288], "excluded_lines": [], "functions": {"OpenAIManager.__init__": {"executed_lines": [], "summary": {"covered_lines": 0, "num_statements": 18, "percent_covered": 0.0, "percent_covered_display": "0", "missing_lines": 18, "excluded_lines": 0}, "missing_lines": [23, 24, 25, 26, 27, 28, 29, 30, 31, 32, 33, 34, 37, 38, 50, 51, 52, 53], "excluded_lines": []}, "OpenAIManager._build_prompts_cache": {"executed_lines": [], "summary": {"covered_lines": 0, "num_statements": 13, "percent_covered": 0.0, "percent_covered_display": "0", "missing_lines": 13, "excluded_lines": 0}, "missing_lines": [56, 57, 58, 59, 60, 61, 62, 63, 65, 66, 67, 68, 69], "excluded_lines": []}, "OpenAIManager._resolve_prompt_for_task": {"executed_lines": [], "summary": {"covered_lines": 0, "num_statements": 11, "percent_covered": 0.0, "percent_covered_display": "0", "missing_lines": 11, "excluded_lines": 0}, "missing_lines": [73, 74, 75, 76, 77, 78, 79, 81, 82, 83, 84], "excluded_lines": []}, "OpenAIManager.get_openai_embedding_client": {"executed_lines": [], "summary": {"covered_lines": 0, "num_statements": 1, "percent_covered": 0.0, "percent_covered_display": "0", "missing_lines": 1, "excluded_lines": 0}, "missing_lines": [87], "excluded_lines": []}, "OpenAIManager._parse_json_response": {"executed_lines": [], "summary": {"covered_lines": 0, "num_statements": 5, "percent_covered": 0.0, "percent_covered_display": "0", "missing_lines": 5, "excluded_lines": 0}, "missing_lines": [91, 92, 93, 94, 95], "excluded_lines": []}, "OpenAIManager._resolve_schema_for_task": {"executed_lines": [], "summary": {"covered_lines": 0, "num_statements": 6, "percent_covered": 0.0, "percent_covered_display": "0", "missing_lines": 6, "excluded_lines": 0}, "missing_lines": [99, 100, 101, 102, 103, 104], "excluded_lines": []}, "OpenAIManager._resolve_payload_for_task": {"executed_lines": [], "summary": {"covered_lines": 0, "num_statements": 5, "percent_covered": 0.0, "percent_covered_display": "0", "missing_lines": 5, "excluded_lines": 0}, "missing_lines": [109, 110, 129, 130, 150], "excluded_lines": []}, "OpenAIManager._prompt_llm_for_task": {"executed_lines": [], "summary": {"covered_lines": 0, "num_statements": 20, "percent_covered": 0.0, "percent_covered_display": "0", "missing_lines": 20, "excluded_lines": 0}, "missing_lines": [155, 157, 159, 160, 162, 164, 166, 167, 170, 171, 172, 174, 180, 182, 183, 185, 186, 187, 189, 201], "excluded_lines": []}, "OpenAIManager._merge_dicts": {"executed_lines": [], "summary": {"covered_lines": 0, "num_statements": 4, "percent_covered": 0.0, "percent_covered_display": "0", "missing_lines": 4, "excluded_lines": 0}, "missing_lines": [204, 205, 206, 207], "excluded_lines": []}, "OpenAIManager._call_openai_api": {"executed_lines": [], "summary": {"covered_lines": 0, "num_statements": 14, "percent_covered": 0.0, "percent_covered_display": "0", "missing_lines": 14, "excluded_lines": 0}, "missing_lines": [211, 212, 215, 219, 223, 226, 228, 231, 233, 237, 238, 239, 240, 241], "excluded_lines": []}, "OpenAIManager.call_openai_api_text": {"executed_lines": [], "summary": {"covered_lines": 0, "num_statements": 1, "percent_covered": 0.0, "percent_covered_display": "0", "missing_lines": 1, "excluded_lines": 0}, "missing_lines": [245], "excluded_lines": []}, "OpenAIManager.call_openai_api_image": {"executed_lines": [], "summary": {"covered_lines": 0, "num_statements": 1, "percent_covered": 0.0, "percent_covered_display": "0", "missing_lines": 1, "excluded_lines": 0}, "missing_lines": [250], "excluded_lines": []}, "OpenAIManager.embed_text": {"executed_lines": [], "summary": {"covered_lines": 0, "num_statements": 14, "percent_covered": 0.0, "percent_covered_display": "0", "missing_lines": 14, "excluded_lines": 0}, "missing_lines": [255, 256, 257, 258, 259, 260, 261, 262, 263, 264, 265, 266, 267, 268], "excluded_lines": []}, "OpenAIManager.get_chunks_and_embeddings": {"executed_lines": [], "summary": {"covered_lines": 0, "num_statements": 9, "percent_covered": 0.0, "percent_covered_display": "0", "missing_lines": 9, "excluded_lines": 0}, "missing_lines": [272, 273, 274, 275, 276, 279, 280, 281, 288], "excluded_lines": []}, "": {"executed_lines": [1, 2, 3, 4, 5, 6, 7, 8, 9, 10, 11, 12, 14, 15, 17, 55, 71, 86, 89, 97, 106, 152, 203, 209, 243, 248, 253, 270], "summary": {"covered_lines": 28, "num_statements": 28, "percent_covered": 100.0, "percent_covered_display": "100", "missing_lines": 0, "excluded_lines": 0}, "missing_lines": [], "excluded_lines": []}}, "classes": {"OpenAIManager": {"executed_lines": [], "summary": {"covered_lines": 0, "num_statements": 122, "percent_covered": 0.0, "percent_covered_display": "0", "missing_lines": 122, "excluded_lines": 0}, "missing_lines": [23, 24, 25, 26, 27, 28, 29, 30, 31, 32, 33, 34, 37, 38, 50, 51, 52, 53, 56, 57, 58, 59, 60, 61, 62, 63, 65, 66, 67, 68, 69, 73, 74, 75, 76, 77, 78, 79, 81, 82, 83, 84, 87, 91, 92, 93, 94, 95, 99, 100, 101, 102, 103, 104, 109, 110, 129, 130, 150, 155, 157, 159, 160, 162, 164, 166, 167, 170, 171, 172, 174, 180, 182, 183, 185, 186, 187, 189, 201, 204, 205, 206, 207, 211, 212, 215, 219, 223, 226, 228, 231, 233, 237, 238, 239, 240, 241, 245, 250, 255, 256, 257, 258, 259, 260, 261, 262, 263, 264, 265, 266, 267, 268, 272, 273, 274, 275, 276, 279, 280, 281, 288], "excluded_lines": []}, "": {"executed_lines": [1, 2, 3, 4, 5, 6, 7, 8, 9, 10, 11, 12, 14, 15, 17, 55, 71, 86, 89, 97, 106, 152, 203, 209, 243, 248, 253, 270], "summary": {"covered_lines": 28, "num_statements": 28, "percent_covered": 100.0, "percent_covered_display": "100", "missing_lines": 0, "excluded_lines": 0}, "missing_lines": [], "excluded_lines": []}}}, "elastic-indexer-stack\\indexer\\src\\indexer\\test\\__init__.py": {"executed_lines": [0], "summary": {"covered_lines": 0, "num_statements": 0, "percent_covered": 100.0, "percent_covered_display": "100", "missing_lines": 0, "excluded_lines": 0}, "missing_lines": [], "excluded_lines": [], "functions": {"": {"executed_lines": [], "summary": {"covered_lines": 0, "num_statements": 0, "percent_covered": 100.0, "percent_covered_display": "100", "missing_lines": 0, "excluded_lines": 0}, "missing_lines": [], "excluded_lines": []}}, "classes": {"": {"executed_lines": [], "summary": {"covered_lines": 0, "num_statements": 0, "percent_covered": 100.0, "percent_covered_display": "100", "missing_lines": 0, "excluded_lines": 0}, "missing_lines": [], "excluded_lines": []}}}, "elastic-indexer-stack\\indexer\\src\\indexer\\test\\test_text_handler.py": {"executed_lines": [1, 2, 3, 4, 5, 6, 7, 8, 9, 11, 46, 94, 169, 170, 171, 172, 173, 175, 176, 178, 179, 181, 182, 184, 185, 186, 196, 202, 203, 205, 207, 213, 214, 215, 216, 218, 221, 223, 224, 225, 226, 227, 229, 230, 231, 234, 237, 238, 241, 242, 243, 244, 246, 247, 250, 251, 252, 253, 255, 257, 259, 261, 263, 265, 266, 268, 300, 301, 302, 304, 305, 306, 307, 308, 309, 310, 311, 313, 316, 317, 320, 321, 325, 326, 327, 328, 329, 330, 333, 335, 336, 337, 339, 341, 342, 343, 344, 346, 347, 349, 350, 351, 353, 354, 355, 356, 357, 359, 361, 362, 363, 365, 366, 368, 369, 370, 372, 373, 374, 375, 376, 377, 379, 382, 383, 385, 389, 390, 392, 393, 394, 396, 397, 398, 399, 400, 401, 403, 405, 406, 407, 410, 411, 413, 414, 415, 418, 419, 430, 431, 434, 435, 436, 437, 438, 440, 442, 450, 451, 452, 453, 456], "summary": {"covered_lines": 162, "num_statements": 186, "percent_covered": 87.09677419354838, "percent_covered_display": "87", "missing_lines": 24, "excluded_lines": 0}, "missing_lines": [198, 199, 200, 220, 269, 270, 273, 275, 276, 277, 280, 281, 282, 283, 285, 286, 289, 290, 291, 292, 294, 296, 297, 298], "excluded_lines": [], "functions": {"DummyArchiveHandler.__init__": {"executed_lines": [171, 172, 173], "summary": {"covered_lines": 3, "num_statements": 3, "percent_covered": 100.0, "percent_covered_display": "100", "missing_lines": 0, "excluded_lines": 0}, "missing_lines": [], "excluded_lines": []}, "DummyArchiveHandler._convert_to_archive_url": {"executed_lines": [176], "summary": {"covered_lines": 1, "num_statements": 1, "percent_covered": 100.0, "percent_covered_display": "100", "missing_lines": 0, "excluded_lines": 0}, "missing_lines": [], "excluded_lines": []}, "DummyArchiveHandler._strip_index_html_from_url": {"executed_lines": [179], "summary": {"covered_lines": 1, "num_statements": 1, "percent_covered": 100.0, "percent_covered_display": "100", "missing_lines": 0, "excluded_lines": 0}, "missing_lines": [], "excluded_lines": []}, "DummyArchiveHandler._resolve_thumbnail_url": {"executed_lines": [182], "summary": {"covered_lines": 1, "num_statements": 1, "percent_covered": 100.0, "percent_covered_display": "100", "missing_lines": 0, "excluded_lines": 0}, "missing_lines": [], "excluded_lines": []}, "DummyOpenAIManager.call_openai_api_text": {"executed_lines": [186], "summary": {"covered_lines": 1, "num_statements": 1, "percent_covered": 100.0, "percent_covered_display": "100", "missing_lines": 0, "excluded_lines": 0}, "missing_lines": [], "excluded_lines": []}, "DummyOpenAIManager.get_openai_embedding_client": {"executed_lines": [], "summary": {"covered_lines": 0, "num_statements": 3, "percent_covered": 0.0, "percent_covered_display": "0", "missing_lines": 3, "excluded_lines": 0}, "missing_lines": [198, 199, 200], "excluded_lines": []}, "DummyOpenAIManager.embed_text": {"executed_lines": [203], "summary": {"covered_lines": 1, "num_statements": 1, "percent_covered": 100.0, "percent_covered_display": "100", "missing_lines": 0, "excluded_lines": 0}, "missing_lines": [], "excluded_lines": []}, "DummyOpenAIManager.get_chunks_and_embeddings": {"executed_lines": [207], "summary": {"covered_lines": 1, "num_statements": 1, "percent_covered": 100.0, "percent_covered_display": "100", "missing_lines": 0, "excluded_lines": 0}, "missing_lines": [], "excluded_lines": []}, "patch_semantic_chunker": {"executed_lines": [218, 221], "summary": {"covered_lines": 2, "num_statements": 2, "percent_covered": 100.0, "percent_covered_display": "100", "missing_lines": 0, "excluded_lines": 0}, "missing_lines": [], "excluded_lines": []}, "patch_semantic_chunker.dummy_split_documents": {"executed_lines": [], "summary": {"covered_lines": 0, "num_statements": 1, "percent_covered": 0.0, "percent_covered_display": "0", "missing_lines": 1, "excluded_lines": 0}, "missing_lines": [220], "excluded_lines": []}, "dummy_dependencies": {"executed_lines": [225, 226, 227], "summary": {"covered_lines": 3, "num_statements": 3, "percent_covered": 100.0, "percent_covered_display": "100", "missing_lines": 0, "excluded_lines": 0}, "missing_lines": [], "excluded_lines": []}, "test_preprocess_mailing_list_file": {"executed_lines": [230, 231, 234, 237, 238, 241, 242, 243, 244, 246, 247, 250, 251, 252, 253, 255, 257, 259, 261, 263, 265, 266], "summary": {"covered_lines": 22, "num_statements": 22, "percent_covered": 100.0, "percent_covered_display": "100", "missing_lines": 0, "excluded_lines": 0}, "missing_lines": [], "excluded_lines": []}, "test_preprocess_mailing_list_file_with_postdate": {"executed_lines": [], "summary": {"covered_lines": 0, "num_statements": 20, "percent_covered": 0.0, "percent_covered_display": "0", "missing_lines": 20, "excluded_lines": 0}, "missing_lines": [269, 270, 273, 275, 276, 277, 280, 281, 282, 283, 285, 286, 289, 290, 291, 292, 294, 296, 297, 298], "excluded_lines": []}, "test_process_text_file": {"executed_lines": [301, 302, 304, 305, 306, 307, 308, 309, 310, 311, 313, 316, 317, 320, 321, 325, 326, 327, 328, 329, 330, 333], "summary": {"covered_lines": 22, "num_statements": 22, "percent_covered": 100.0, "percent_covered_display": "100", "missing_lines": 0, "excluded_lines": 0}, "missing_lines": [], "excluded_lines": []}, "test_resolve_title_from_file_for_website": {"executed_lines": [336, 337, 339, 341, 342, 343, 344, 346, 347], "summary": {"covered_lines": 9, "num_statements": 9, "percent_covered": 100.0, "percent_covered_display": "100", "missing_lines": 0, "excluded_lines": 0}, "missing_lines": [], "excluded_lines": []}, "test_get_documents_from_file_default": {"executed_lines": [350, 351, 353, 354, 355, 356, 357, 359, 361, 362, 363, 365, 366], "summary": {"covered_lines": 13, "num_statements": 13, "percent_covered": 100.0, "percent_covered_display": "100", "missing_lines": 0, "excluded_lines": 0}, "missing_lines": [], "excluded_lines": []}, "test_chunk_and_embed_newsgroup_post_1": {"executed_lines": [369, 370, 372, 373, 374, 375, 376, 377, 379, 382, 383, 385, 389, 390], "summary": {"covered_lines": 14, "num_statements": 14, "percent_covered": 100.0, "percent_covered_display": "100", "missing_lines": 0, "excluded_lines": 0}, "missing_lines": [], "excluded_lines": []}, "test_chunk_and_embed_newsgroup_post_2": {"executed_lines": [393, 394, 396, 397, 398, 399, 400, 401, 403, 405, 406, 407, 410, 411], "summary": {"covered_lines": 14, "num_statements": 14, "percent_covered": 100.0, "percent_covered_display": "100", "missing_lines": 0, "excluded_lines": 0}, "missing_lines": [], "excluded_lines": []}, "test_llm_summary_placeholder": {"executed_lines": [414, 415, 418, 430, 431, 434, 435, 436, 437, 438, 440, 442, 450, 451, 452, 453, 456], "summary": {"covered_lines": 17, "num_statements": 17, "percent_covered": 100.0, "percent_covered_display": "100", "missing_lines": 0, "excluded_lines": 0}, "missing_lines": [], "excluded_lines": []}, "test_llm_summary_placeholder.missing_summary_response": {"executed_lines": [419], "summary": {"covered_lines": 1, "num_statements": 1, "percent_covered": 100.0, "percent_covered_display": "100", "missing_lines": 0, "excluded_lines": 0}, "missing_lines": [], "excluded_lines": []}, "": {"executed_lines": [1, 2, 3, 4, 5, 6, 7, 8, 9, 11, 46, 94, 169, 170, 175, 178, 181, 184, 185, 196, 202, 205, 213, 214, 215, 216, 223, 224, 229, 268, 300, 335, 349, 368, 392, 413], "summary": {"covered_lines": 36, "num_statements": 36, "percent_covered": 100.0, "percent_covered_display": "100", "missing_lines": 0, "excluded_lines": 0}, "missing_lines": [], "excluded_lines": []}}, "classes": {"DummyArchiveHandler": {"executed_lines": [171, 172, 173, 176, 179, 182], "summary": {"covered_lines": 6, "num_statements": 6, "percent_covered": 100.0, "percent_covered_display": "100", "missing_lines": 0, "excluded_lines": 0}, "missing_lines": [], "excluded_lines": []}, "DummyOpenAIManager": {"executed_lines": [186, 203, 207], "summary": {"covered_lines": 3, "num_statements": 6, "percent_covered": 50.0, "percent_covered_display": "50", "missing_lines": 3, "excluded_lines": 0}, "missing_lines": [198, 199, 200], "excluded_lines": []}, "DummyOpenAIManager.get_openai_embedding_client.DummyEmbedder": {"executed_lines": [], "summary": {"covered_lines": 0, "num_statements": 0, "percent_covered": 100.0, "percent_covered_display": "100", "missing_lines": 0, "excluded_lines": 0}, "missing_lines": [], "excluded_lines": []}, "": {"executed_lines": [1, 2, 3, 4, 5, 6, 7, 8, 9, 11, 46, 94, 169, 170, 175, 178, 181, 184, 185, 196, 202, 205, 213, 214, 215, 216, 218, 221, 223, 224, 225, 226, 227, 229, 230, 231, 234, 237, 238, 241, 242, 243, 244, 246, 247, 250, 251, 252, 253, 255, 257, 259, 261, 263, 265, 266, 268, 300, 301, 302, 304, 305, 306, 307, 308, 309, 310, 311, 313, 316, 317, 320, 321, 325, 326, 327, 328, 329, 330, 333, 335, 336, 337, 339, 341, 342, 343, 344, 346, 347, 349, 350, 351, 353, 354, 355, 356, 357, 359, 361, 362, 363, 365, 366, 368, 369, 370, 372, 373, 374, 375, 376, 377, 379, 382, 383, 385, 389, 390, 392, 393, 394, 396, 397, 398, 399, 400, 401, 403, 405, 406, 407, 410, 411, 413, 414, 415, 418, 419, 430, 431, 434, 435, 436, 437, 438, 440, 442, 450, 451, 452, 453, 456], "summary": {"covered_lines": 153, "num_statements": 174, "percent_covered": 87.93103448275862, "percent_covered_display": "88", "missing_lines": 21, "excluded_lines": 0}, "missing_lines": [220, 269, 270, 273, 275, 276, 277, 280, 281, 282, 283, 285, 286, 289, 290, 291, 292, 294, 296, 297, 298], "excluded_lines": []}}}, "elastic-indexer-stack\\indexer\\src\\indexer\\text_handler.py": {"executed_lines": [1, 2, 3, 4, 5, 6, 7, 8, 9, 11, 12, 13, 15, 16, 18, 19, 20, 21, 22, 25, 27, 29, 30, 31, 33, 36, 37, 38, 39, 41, 44, 48, 49, 50, 52, 62, 63, 64, 65, 66, 67, 68, 70, 71, 76, 96, 97, 103, 107, 109, 110, 111, 112, 113, 116, 117, 118, 119, 121, 122, 124, 125, 126, 129, 130, 132, 135, 136, 137, 138, 139, 142, 150, 151, 153, 154, 156, 157, 158, 160, 162, 163, 166, 167, 168, 172, 173, 178, 180, 188, 189, 191, 212, 216, 218, 219, 222, 223, 224, 235, 236, 237, 238, 239, 242, 243, 244, 245, 246, 247, 248, 249, 252, 260, 261, 263], "summary": {"covered_lines": 116, "num_statements": 162, "percent_covered": 71.60493827160494, "percent_covered_display": "72", "missing_lines": 46, "excluded_lines": 0}, "missing_lines": [23, 32, 55, 56, 58, 59, 60, 73, 98, 99, 100, 101, 114, 155, 169, 170, 176, 192, 195, 196, 197, 198, 200, 201, 202, 203, 205, 207, 208, 209, 210, 225, 227, 228, 229, 230, 232, 233, 241, 250, 253, 254, 255, 256, 257, 258], "excluded_lines": [], "functions": {"TextHandler.__init__": {"executed_lines": [18, 19, 20, 21, 22], "summary": {"covered_lines": 5, "num_statements": 6, "percent_covered": 83.33333333333333, "percent_covered_display": "83", "missing_lines": 1, "excluded_lines": 0}, "missing_lines": [23], "excluded_lines": []}, "TextHandler.process_text_file": {"executed_lines": [27, 29, 30, 31, 33, 36, 37, 38, 39, 41, 44, 48, 49, 50, 52, 62, 63, 64, 65, 66, 67, 68, 70, 71, 76, 96, 97], "summary": {"covered_lines": 27, "num_statements": 38, "percent_covered": 71.05263157894737, "percent_covered_display": "71", "missing_lines": 11, "excluded_lines": 0}, "missing_lines": [32, 55, 56, 58, 59, 60, 73, 98, 99, 100, 101], "excluded_lines": []}, "TextHandler._get_documents_from_file": {"executed_lines": [107, 109, 110, 111, 112, 113, 116, 117, 118, 119, 121, 122], "summary": {"covered_lines": 12, "num_statements": 13, "percent_covered": 92.3076923076923, "percent_covered_display": "92", "missing_lines": 1, "excluded_lines": 0}, "missing_lines": [114], "excluded_lines": []}, "TextHandler._preprocess_newsgroup_file": {"executed_lines": [125, 126, 129, 130, 132, 135, 136, 137, 138, 139, 142, 150, 151], "summary": {"covered_lines": 13, "num_statements": 13, "percent_covered": 100.0, "percent_covered_display": "100", "missing_lines": 0, "excluded_lines": 0}, "missing_lines": [], "excluded_lines": []}, "TextHandler._preprocess_mailing_list_file": {"executed_lines": [154, 156, 157, 158, 160, 162, 163, 166, 167, 168, 172, 173, 178, 180, 188, 189], "summary": {"covered_lines": 16, "num_statements": 20, "percent_covered": 80.0, "percent_covered_display": "80", "missing_lines": 4, "excluded_lines": 0}, "missing_lines": [155, 169, 170, 176], "excluded_lines": []}, "TextHandler._preprocess_website_file": {"executed_lines": [], "summary": {"covered_lines": 0, "num_statements": 14, "percent_covered": 0.0, "percent_covered_display": "0", "missing_lines": 14, "excluded_lines": 0}, "missing_lines": [192, 195, 196, 197, 198, 200, 201, 202, 203, 205, 207, 208, 209, 210], "excluded_lines": []}, "TextHandler._resolve_title_from_file": {"executed_lines": [216, 218, 219, 222, 223, 224, 235, 236, 237, 238, 239, 242, 243, 244, 245, 246, 247, 248, 249, 252, 260, 261, 263], "summary": {"covered_lines": 23, "num_statements": 38, "percent_covered": 60.526315789473685, "percent_covered_display": "61", "missing_lines": 15, "excluded_lines": 0}, "missing_lines": [225, 227, 228, 229, 230, 232, 233, 241, 250, 253, 254, 255, 256, 257, 258], "excluded_lines": []}, "": {"executed_lines": [1, 2, 3, 4, 5, 6, 7, 8, 9, 11, 12, 13, 15, 16, 25, 103, 124, 153, 191, 212], "summary": {"covered_lines": 20, "num_statements": 20, "percent_covered": 100.0, "percent_covered_display": "100", "missing_lines": 0, "excluded_lines": 0}, "missing_lines": [], "excluded_lines": []}}, "classes": {"TextHandler": {"executed_lines": [18, 19, 20, 21, 22, 27, 29, 30, 31, 33, 36, 37, 38, 39, 41, 44, 48, 49, 50, 52, 62, 63, 64, 65, 66, 67, 68, 70, 71, 76, 96, 97, 107, 109, 110, 111, 112, 113, 116, 117, 118, 119, 121, 122, 125, 126, 129, 130, 132, 135, 136, 137, 138, 139, 142, 150, 151, 154, 156, 157, 158, 160, 162, 163, 166, 167, 168, 172, 173, 178, 180, 188, 189, 216, 218, 219, 222, 223, 224, 235, 236, 237, 238, 239, 242, 243, 244, 245, 246, 247, 248, 249, 252, 260, 261, 263], "summary": {"covered_lines": 96, "num_statements": 142, "percent_covered": 67.6056338028169, "percent_covered_display": "68", "missing_lines": 46, "excluded_lines": 0}, "missing_lines": [23, 32, 55, 56, 58, 59, 60, 73, 98, 99, 100, 101, 114, 155, 169, 170, 176, 192, 195, 196, 197, 198, 200, 201, 202, 203, 205, 207, 208, 209, 210, 225, 227, 228, 229, 230, 232, 233, 241, 250, 253, 254, 255, 256, 257, 258], "excluded_lines": []}, "": {"executed_lines": [1, 2, 3, 4, 5, 6, 7, 8, 9, 11, 12, 13, 15, 16, 25, 103, 124, 153, 191, 212], "summary": {"covered_lines": 20, "num_statements": 20, "percent_covered": 100.0, "percent_covered_display": "100", "missing_lines": 0, "excluded_lines": 0}, "missing_lines": [], "excluded_lines": []}}}}, "totals": {"covered_lines": 348, "num_statements": 734, "percent_covered": 47.41144414168937, "percent_covered_display": "47", "missing_lines": 386, "excluded_lines": 0}}